
--- Job run_batch.gms Start 04/13/18 07:31:11 25.0.1 r65189 WEX-WEI x86 64bit/MS Windows
GAMS 25.0.1   Copyright (C) 1987-2018 GAMS Development. All rights reserved
Licensee: Eval License Carnegie Mellon University        G180112/0001AS-GEN
          Dept. of Chemical Engineering                              DC9476
          License for teaching and research at degree granting institutions
          License Admin: Ignacio E. Grossmann                              
--- Starting compilation
--- run_batch.gms(10) 3 Mb
--- .first_seed.gms(1) 3 Mb
--- run_batch.gms(76) 3 Mb
--- Starting execution: elapsed 0:00:00.012
--- run_batch.gms(14) 4 Mb
--- GDXin=C:\Users\debernal\Dropbox\Ubuntu\GDP_NN\GDP_Refomulation_NN\data\Logic_based_B_B_contracts\Euler\15\res_prob.gdx
--- GDX File C:\Users\debernal\Dropbox\Ubuntu\GDP_NN\GDP_Refomulation_NN\data\Logic_based_B_B_contracts\Euler\15\stat_total.gdx
--- GDX File C:\Users\debernal\Dropbox\Ubuntu\GDP_NN\GDP_Refomulation_NN\data\Logic_based_B_B_contracts\Euler\15\solution_total.gdx
--- GDXin=C:\Users\debernal\Dropbox\Ubuntu\GDP_NN\GDP_Refomulation_NN\data\Logic_based_B_B_contracts\Euler\15\res_prob.gdx
--- GDX File C:\Users\debernal\Dropbox\Ubuntu\GDP_NN\GDP_Refomulation_NN\data\Logic_based_B_B_contracts\Euler\15\stat_total.gdx
--- GDX File C:\Users\debernal\Dropbox\Ubuntu\GDP_NN\GDP_Refomulation_NN\data\Logic_based_B_B_contracts\Euler\15\solution_total.gdx
--- GDXin=C:\Users\debernal\Dropbox\Ubuntu\GDP_NN\GDP_Refomulation_NN\data\Logic_based_B_B_contracts\Euler\15\res_prob.gdx
--- GDX File C:\Users\debernal\Dropbox\Ubuntu\GDP_NN\GDP_Refomulation_NN\data\Logic_based_B_B_contracts\Euler\15\solution_total.gdx
--- GDXin=C:\Users\debernal\Dropbox\Ubuntu\GDP_NN\GDP_Refomulation_NN\data\Logic_based_B_B_contracts\Euler\15\res_prob.gdx
--- GDX File C:\Users\debernal\Dropbox\Ubuntu\GDP_NN\GDP_Refomulation_NN\data\Logic_based_B_B_contracts\Euler\15\solution_total_HR.gdx
--- GDXin=C:\Users\debernal\Dropbox\Ubuntu\GDP_NN\GDP_Refomulation_NN\data\Logic_based_B_B_contracts\Euler\15\res_prob.gdx
--- GDX File C:\Users\debernal\Dropbox\Ubuntu\GDP_NN\GDP_Refomulation_NN\data\Logic_based_B_B_contracts\Euler\15\stat_total.gdx
--- GDX File C:\Users\debernal\Dropbox\Ubuntu\GDP_NN\GDP_Refomulation_NN\data\Logic_based_B_B_contracts\Euler\15\solution_total.gdx
--- GDXin=C:\Users\debernal\Dropbox\Ubuntu\GDP_NN\GDP_Refomulation_NN\data\Logic_based_B_B_contracts\Euler\15\res_prob.gdx
--- GDX File C:\Users\debernal\Dropbox\Ubuntu\GDP_NN\GDP_Refomulation_NN\data\Logic_based_B_B_contracts\Euler\15\stat_total.gdx
--- GDX File C:\Users\debernal\Dropbox\Ubuntu\GDP_NN\GDP_Refomulation_NN\data\Logic_based_B_B_contracts\Euler\15\solution_total.gdx
--- GDXin=C:\Users\debernal\Dropbox\Ubuntu\GDP_NN\GDP_Refomulation_NN\data\Logic_based_B_B_contracts\Euler\15\res_prob.gdx
--- GDX File C:\Users\debernal\Dropbox\Ubuntu\GDP_NN\GDP_Refomulation_NN\data\Logic_based_B_B_contracts\Euler\15\solution_total.gdx
--- GDXin=C:\Users\debernal\Dropbox\Ubuntu\GDP_NN\GDP_Refomulation_NN\data\Logic_based_B_B_contracts\Euler\15\res_prob.gdx
--- GDX File C:\Users\debernal\Dropbox\Ubuntu\GDP_NN\GDP_Refomulation_NN\data\Logic_based_B_B_contracts\Euler\15\solution_total_HR.gdx
--- GDXin=C:\Users\debernal\Dropbox\Ubuntu\GDP_NN\GDP_Refomulation_NN\data\Logic_based_B_B_contracts\Euler\15\res_prob.gdx
--- GDX File C:\Users\debernal\Dropbox\Ubuntu\GDP_NN\GDP_Refomulation_NN\data\Logic_based_B_B_contracts\Euler\15\stat_total.gdx
--- GDX File C:\Users\debernal\Dropbox\Ubuntu\GDP_NN\GDP_Refomulation_NN\data\Logic_based_B_B_contracts\Euler\15\solution_total.gdx
--- GDXin=C:\Users\debernal\Dropbox\Ubuntu\GDP_NN\GDP_Refomulation_NN\data\Logic_based_B_B_contracts\Euler\15\res_prob.gdx
--- GDX File C:\Users\debernal\Dropbox\Ubuntu\GDP_NN\GDP_Refomulation_NN\data\Logic_based_B_B_contracts\Euler\15\stat_total.gdx
--- GDX File C:\Users\debernal\Dropbox\Ubuntu\GDP_NN\GDP_Refomulation_NN\data\Logic_based_B_B_contracts\Euler\15\solution_total.gdx
--- GDXin=C:\Users\debernal\Dropbox\Ubuntu\GDP_NN\GDP_Refomulation_NN\data\Logic_based_B_B_contracts\Euler\15\res_prob.gdx
--- GDX File C:\Users\debernal\Dropbox\Ubuntu\GDP_NN\GDP_Refomulation_NN\data\Logic_based_B_B_contracts\Euler\15\solution_total.gdx
--- GDXin=C:\Users\debernal\Dropbox\Ubuntu\GDP_NN\GDP_Refomulation_NN\data\Logic_based_B_B_contracts\Euler\15\res_prob.gdx
--- GDX File C:\Users\debernal\Dropbox\Ubuntu\GDP_NN\GDP_Refomulation_NN\data\Logic_based_B_B_contracts\Euler\15\solution_total_HR.gdx
--- GDXin=C:\Users\debernal\Dropbox\Ubuntu\GDP_NN\GDP_Refomulation_NN\data\Logic_based_B_B_contracts\Euler\15\res_prob.gdx
--- GDX File C:\Users\debernal\Dropbox\Ubuntu\GDP_NN\GDP_Refomulation_NN\data\Logic_based_B_B_contracts\Euler\15\stat_total.gdx
--- GDX File C:\Users\debernal\Dropbox\Ubuntu\GDP_NN\GDP_Refomulation_NN\data\Logic_based_B_B_contracts\Euler\15\solution_total.gdx
--- GDXin=C:\Users\debernal\Dropbox\Ubuntu\GDP_NN\GDP_Refomulation_NN\data\Logic_based_B_B_contracts\Euler\15\res_prob.gdx
--- GDX File C:\Users\debernal\Dropbox\Ubuntu\GDP_NN\GDP_Refomulation_NN\data\Logic_based_B_B_contracts\Euler\15\stat_total.gdx
--- GDX File C:\Users\debernal\Dropbox\Ubuntu\GDP_NN\GDP_Refomulation_NN\data\Logic_based_B_B_contracts\Euler\15\solution_total.gdx
Sending CtrlBreakp signal
Exit code = -1073741510
