
--- Job generate_batch.gms Start 04/06/18 14:33:14 25.0.1 r65189 WEX-WEI x86 64bit/MS Windows
GAMS 25.0.1   Copyright (C) 1987-2018 GAMS Development. All rights reserved
Licensee: Eval License Carnegie Mellon University        G180112/0001AS-GEN
          Dept. of Chemical Engineering                              DC9476
          License for teaching and research at degree granting institutions
          License Admin: Ignacio E. Grossmann                              
--- Starting compilation
--- generate_batch.gms(4) 3 Mb
--- .first_seed.gms(1) 3 Mb
--- generate_batch.gms(14) 3 Mb 4 Errors
*** Error 199 in C:\Users\debernal\Dropbox\Ubuntu\GDP_NN\GDP_Refomulation_NN\GAMS\Logic_based_B_B_k10_i3_v50-80\generate_batch.gms
    Assigning to set used in 'ord' or lag
       this statement changes the content of a set
       previously used with 'ord' or lag/lead.
*** Error  93 in C:\Users\debernal\Dropbox\Ubuntu\GDP_NN\GDP_Refomulation_NN\GAMS\Logic_based_B_B_k10_i3_v50-80\generate_batch.gms
    A set has to be indexed when used on the left side
*** Error 148 in C:\Users\debernal\Dropbox\Ubuntu\GDP_NN\GDP_Refomulation_NN\GAMS\Logic_based_B_B_k10_i3_v50-80\generate_batch.gms
    Dimension different - The symbol is referenced with more/less
       indices as declared
*** Error  36 in C:\Users\debernal\Dropbox\Ubuntu\GDP_NN\GDP_Refomulation_NN\GAMS\Logic_based_B_B_k10_i3_v50-80\generate_batch.gms
    '=' or '..' or ':=' or '$=' operator expected
    rest of statement ignored
--- generate_batch.gms(15) 3 Mb 4 Errors
*** Status: Compilation error(s)
--- Job generate_batch.gms Stop 04/06/18 14:33:14 elapsed 0:00:00.038
Exit code = 2
