GAMS 24.8.4  r60966 Released Apr 10, 2017 LEX-LEG x86 64bit/Linux                                                                                                                                                                    04/07/18 14:19:59 Page 136
G e n e r a l   A l g e b r a i c   M o d e l i n g   S y s t e m
C o m p i l a t i o n


 136   
 137  variables cost, x(var), ni(k,i,var);
 138  binary variable y(k,i);
 139  equation obj, disj_ineq(k,i,e), sum_bin(k), disag(k,var), bound_up(k,i,var), bound_lo(k,i,var);
 140  *, disj_eq(k,i,ee);
 141   
 142  obj.. cost =e= sum(var,c(var)*x(var));
 143  disag(k,var)$kv(k,var).. x(var) =e= sum(ki(k,i),ni(ki,var));
 144  disj_ineq(kie(ki,e)).. sum(var$(A(kie,var)<>0),A(kie,var)*ni(ki,var)) =l= b(kie)*y(ki);
 145  *disj_eq(kiee(ki,ee)).. sum(var$AE(kiee,var),AE(kiee,var)*ni(ki,var)) =e= bE(kiee)*y(ki);
 146  sum_bin(k).. sum(ki(k,i),y(ki)) =e= 1;
 147  bound_up(ki(k,i),var)$kv(k,var).. ni(ki,var) =l= x.up(var)*y(ki);
 148  bound_lo(ki(k,i),var)$kv(k,var).. ni(ki,var) =g= x.lo(var)*y(ki);
 149   
 150  model prob /obj,disag,disj_ineq,sum_bin,bound_up,bound_lo/;
 151   
 152   
 153  option optcr = 0.001
 154         reslim = 7200
 155  *       mip=BDMLP
 156  *       mip=CBC
 157  *       rmip=CBC
 158    ;
 159  *prob.nodlim=1000000;
 160   
 161  prob.optfile=1;
 162   
 163  x.lo(var) = lb(var);
 164  x.up(var) = ub(var);
 165   
 166  ni.up(ki(k,i),var)$kv(k,var) = ub(var);
 167   
INCLUDE    /home/bernalde/IntroToMLProj/GDP_Refomulation_NN/data/Logic_based_B_B_k7_i15_v50/Euler/19/max_time_ref.gms
 169  option reslim = 36000;
 170  option mip = cplex;
 171  option rmip = cplex;
 172  option threads = 1;
 173  option limrow = 0;
 174  option limcol = 0;
 175  option solprint = off;
 176  *y.fx('1','1')=1;
 177   
 178  scalar rel,sol,nodes,time,cpu,LBL,const,vars,bin;
 179   
 180  solve prob using rmip min cost;
 181  rel = prob.objval;
 182  bin=sum(ki,1);
 183   
 184  solve prob using mip min cost;
 185  sol = prob.objval;
 186  time = prob.etsolve;
 187  cpu = prob.resUsd;
 188  nodes = prob.nodusd;
GAMS 24.8.4  r60966 Released Apr 10, 2017 LEX-LEG x86 64bit/Linux                                                                                                                                                                    04/07/18 14:19:59 Page 137
G e n e r a l   A l g e b r a i c   M o d e l i n g   S y s t e m
C o m p i l a t i o n


 189  LBL  = prob.objest;
 190  const = prob.numequ;
 191  vars = prob.numvar;
 192   
 193   
 194   
 195  execute_unload "res_prob" rel,sol,nodes,time,cpu,LBL,const,vars,bin;
 196   
 197   
GAMS 24.8.4  r60966 Released Apr 10, 2017 LEX-LEG x86 64bit/Linux                                                                                                                                                                    04/07/18 14:19:59 Page 138
G e n e r a l   A l g e b r a i c   M o d e l i n g   S y s t e m
Include File Summary


   SEQ   GLOBAL TYPE      PARENT   LOCAL  FILENAME

     1        1 INPUT          0       0  /home/bernalde/IntroToMLProj/GDP_Refomulation_NN/data/Logic_based_B_B_k7_i15_v50/Euler/19/HR_ref.gms
     2      168 INCLUDE        1      33  ./home/bernalde/IntroToMLProj/GDP_Refomulation_NN/data/Logic_based_B_B_k7_i15_v50/Euler/19/max_time_ref.gms


COMPILATION TIME     =        0.001 SECONDS      3 MB  24.8.4 r60966 LEX-LEG
GAMS 24.8.4  r60966 Released Apr 10, 2017 LEX-LEG x86 64bit/Linux                                                                                                                                                                    04/07/18 14:19:59 Page 139
G e n e r a l   A l g e b r a i c   M o d e l i n g   S y s t e m
Model Statistics    SOLVE prob Using RMIP From line 180


MODEL STATISTICS

BLOCKS OF EQUATIONS           6     SINGLE EQUATIONS        7,046
BLOCKS OF VARIABLES           4     SINGLE VARIABLES        2,711
NON ZERO ELEMENTS        27,704     DISCRETE VARIABLES         63


GENERATION TIME      =        0.020 SECONDS      6 MB  24.8.4 r60966 LEX-LEG


EXECUTION TIME       =        0.021 SECONDS      6 MB  24.8.4 r60966 LEX-LEG
GAMS 24.8.4  r60966 Released Apr 10, 2017 LEX-LEG x86 64bit/Linux                                                                                                                                                                    04/07/18 14:19:59 Page 140
G e n e r a l   A l g e b r a i c   M o d e l i n g   S y s t e m
Solution Report     SOLVE prob Using RMIP From line 180


               S O L V E      S U M M A R Y

     MODEL   prob                OBJECTIVE  cost
     TYPE    RMIP                DIRECTION  MINIMIZE
     SOLVER  CPLEX               FROM LINE  180

**** SOLVER STATUS     1 Normal Completion         
**** MODEL STATUS      1 Optimal                   
**** OBJECTIVE VALUE             -330.6450

 RESOURCE USAGE, LIMIT          4.112     36000.000
 ITERATION COUNT, LIMIT     11126    2000000000

IBM ILOG CPLEX   24.8.4 r60966 Released Apr 10, 2017 LEG x86 64bit/Linux      
--- GAMS/Cplex licensed for continuous and discrete problems.
Cplex 12.7.1.0

Reading parameter(s) from "/home/bernalde/IntroToMLProj/GDP_Refomulation_NN/data/Logic_based_B_B_k7_i15_v50/Euler/19/cplex.opt"
>>  randomseed 1;
*** Value Error line 1: Integer expected, for option "randomseed" saw "1;"
*** Value Error line 1:    Option ignored
Finished reading from "/home/bernalde/IntroToMLProj/GDP_Refomulation_NN/data/Logic_based_B_B_k7_i15_v50/Euler/19/cplex.opt"
Space for names approximately 0.22 Mb
Use option 'names no' to turn use of names off
LP status(1): optimal
Cplex Time: 4.10sec (det. 3493.31 ticks)
Optimal solution found.
Objective :        -330.645029



**** REPORT SUMMARY :        0     NONOPT
                             0 INFEASIBLE
                             0  UNBOUNDED
                            12  PROJECTED
GAMS 24.8.4  r60966 Released Apr 10, 2017 LEX-LEG x86 64bit/Linux                                                                                                                                                                    04/07/18 14:19:59 Page 141
G e n e r a l   A l g e b r a i c   M o d e l i n g   S y s t e m
Model Statistics    SOLVE prob Using MIP From line 184


MODEL STATISTICS

BLOCKS OF EQUATIONS           6     SINGLE EQUATIONS        7,046
BLOCKS OF VARIABLES           4     SINGLE VARIABLES        2,711
NON ZERO ELEMENTS        27,704     DISCRETE VARIABLES         63


GENERATION TIME      =        0.045 SECONDS      6 MB  24.8.4 r60966 LEX-LEG


EXECUTION TIME       =        0.048 SECONDS      6 MB  24.8.4 r60966 LEX-LEG
