
--- Job run_batch.gms Start 04/12/18 19:01:38 25.0.1 r65189 WEX-WEI x86 64bit/MS Windows
GAMS 25.0.1   Copyright (C) 1987-2018 GAMS Development. All rights reserved
Licensee: Eval License Carnegie Mellon University        G180112/0001AS-GEN
          Dept. of Chemical Engineering                              DC9476
          License for teaching and research at degree granting institutions
          License Admin: Ignacio E. Grossmann                              
--- Starting compilation
--- run_batch.gms(10) 3 Mb
--- .first_seed.gms(1) 3 Mb
--- run_batch.gms(76) 3 Mb
--- Starting execution: elapsed 0:00:00.005
--- run_batch.gms(14) 4 Mb
--- GDXin=C:\Users\debernal\Dropbox\Ubuntu\GDP_NN\GDP_Refomulation_NN\data\Logic_based_B_B_strip_52\Euler\0\res_prob.gdx
--- GDX File C:\Users\debernal\Dropbox\Ubuntu\GDP_NN\GDP_Refomulation_NN\data\Logic_based_B_B_strip_52\Euler\0\stat_total.gdx
--- GDX File C:\Users\debernal\Dropbox\Ubuntu\GDP_NN\GDP_Refomulation_NN\data\Logic_based_B_B_strip_52\Euler\0\solution_total.gdx
--- GDXin=C:\Users\debernal\Dropbox\Ubuntu\GDP_NN\GDP_Refomulation_NN\data\Logic_based_B_B_strip_52\Euler\0\res_prob.gdx
--- GDX File C:\Users\debernal\Dropbox\Ubuntu\GDP_NN\GDP_Refomulation_NN\data\Logic_based_B_B_strip_52\Euler\0\stat_total.gdx
--- GDX File C:\Users\debernal\Dropbox\Ubuntu\GDP_NN\GDP_Refomulation_NN\data\Logic_based_B_B_strip_52\Euler\0\solution_total.gdx
--- GDXin=C:\Users\debernal\Dropbox\Ubuntu\GDP_NN\GDP_Refomulation_NN\data\Logic_based_B_B_strip_52\Euler\0\res_prob.gdx
--- GDX File C:\Users\debernal\Dropbox\Ubuntu\GDP_NN\GDP_Refomulation_NN\data\Logic_based_B_B_strip_52\Euler\0\solution_total.gdx
--- GDXin=C:\Users\debernal\Dropbox\Ubuntu\GDP_NN\GDP_Refomulation_NN\data\Logic_based_B_B_strip_52\Euler\0\res_prob.gdx
--- GDX File C:\Users\debernal\Dropbox\Ubuntu\GDP_NN\GDP_Refomulation_NN\data\Logic_based_B_B_strip_52\Euler\0\solution_total.gdx
--- GDXin=C:\Users\debernal\Dropbox\Ubuntu\GDP_NN\GDP_Refomulation_NN\data\Logic_based_B_B_strip_52\Euler\0\res_prob.gdx
--- GDX File C:\Users\debernal\Dropbox\Ubuntu\GDP_NN\GDP_Refomulation_NN\data\Logic_based_B_B_strip_52\Euler\0\stat_total.gdx
--- GDX File C:\Users\debernal\Dropbox\Ubuntu\GDP_NN\GDP_Refomulation_NN\data\Logic_based_B_B_strip_52\Euler\0\solution_total.gdx
--- GDXin=C:\Users\debernal\Dropbox\Ubuntu\GDP_NN\GDP_Refomulation_NN\data\Logic_based_B_B_strip_52\Euler\0\res_prob.gdx
--- GDX File C:\Users\debernal\Dropbox\Ubuntu\GDP_NN\GDP_Refomulation_NN\data\Logic_based_B_B_strip_52\Euler\0\stat_total.gdx
--- GDX File C:\Users\debernal\Dropbox\Ubuntu\GDP_NN\GDP_Refomulation_NN\data\Logic_based_B_B_strip_52\Euler\0\solution_total.gdx
--- GDXin=C:\Users\debernal\Dropbox\Ubuntu\GDP_NN\GDP_Refomulation_NN\data\Logic_based_B_B_strip_52\Euler\0\res_prob.gdx
--- GDX File C:\Users\debernal\Dropbox\Ubuntu\GDP_NN\GDP_Refomulation_NN\data\Logic_based_B_B_strip_52\Euler\0\solution_total.gdx
--- GDXin=C:\Users\debernal\Dropbox\Ubuntu\GDP_NN\GDP_Refomulation_NN\data\Logic_based_B_B_strip_52\Euler\0\res_prob.gdx
--- GDX File C:\Users\debernal\Dropbox\Ubuntu\GDP_NN\GDP_Refomulation_NN\data\Logic_based_B_B_strip_52\Euler\0\solution_total.gdx
--- GDXin=C:\Users\debernal\Dropbox\Ubuntu\GDP_NN\GDP_Refomulation_NN\data\Logic_based_B_B_strip_52\Euler\0\res_prob.gdx
--- GDX File C:\Users\debernal\Dropbox\Ubuntu\GDP_NN\GDP_Refomulation_NN\data\Logic_based_B_B_strip_52\Euler\0\stat_total.gdx
--- GDX File C:\Users\debernal\Dropbox\Ubuntu\GDP_NN\GDP_Refomulation_NN\data\Logic_based_B_B_strip_52\Euler\0\solution_total.gdx
--- GDXin=C:\Users\debernal\Dropbox\Ubuntu\GDP_NN\GDP_Refomulation_NN\data\Logic_based_B_B_strip_52\Euler\0\res_prob.gdx
--- GDX File C:\Users\debernal\Dropbox\Ubuntu\GDP_NN\GDP_Refomulation_NN\data\Logic_based_B_B_strip_52\Euler\0\stat_total.gdx
--- GDX File C:\Users\debernal\Dropbox\Ubuntu\GDP_NN\GDP_Refomulation_NN\data\Logic_based_B_B_strip_52\Euler\0\solution_total.gdx
--- GDXin=C:\Users\debernal\Dropbox\Ubuntu\GDP_NN\GDP_Refomulation_NN\data\Logic_based_B_B_strip_52\Euler\0\res_prob.gdx
--- GDX File C:\Users\debernal\Dropbox\Ubuntu\GDP_NN\GDP_Refomulation_NN\data\Logic_based_B_B_strip_52\Euler\0\solution_total.gdx
--- GDXin=C:\Users\debernal\Dropbox\Ubuntu\GDP_NN\GDP_Refomulation_NN\data\Logic_based_B_B_strip_52\Euler\0\res_prob.gdx
--- GDX File C:\Users\debernal\Dropbox\Ubuntu\GDP_NN\GDP_Refomulation_NN\data\Logic_based_B_B_strip_52\Euler\0\solution_total.gdx
--- GDXin=C:\Users\debernal\Dropbox\Ubuntu\GDP_NN\GDP_Refomulation_NN\data\Logic_based_B_B_strip_52\Euler\0\res_prob.gdx
--- GDX File C:\Users\debernal\Dropbox\Ubuntu\GDP_NN\GDP_Refomulation_NN\data\Logic_based_B_B_strip_52\Euler\0\stat_total.gdx
--- GDX File C:\Users\debernal\Dropbox\Ubuntu\GDP_NN\GDP_Refomulation_NN\data\Logic_based_B_B_strip_52\Euler\0\solution_total.gdx
--- GDXin=C:\Users\debernal\Dropbox\Ubuntu\GDP_NN\GDP_Refomulation_NN\data\Logic_based_B_B_strip_52\Euler\0\res_prob.gdx
--- GDX File C:\Users\debernal\Dropbox\Ubuntu\GDP_NN\GDP_Refomulation_NN\data\Logic_based_B_B_strip_52\Euler\0\stat_total.gdx
--- GDX File C:\Users\debernal\Dropbox\Ubuntu\GDP_NN\GDP_Refomulation_NN\data\Logic_based_B_B_strip_52\Euler\0\solution_total.gdx
--- GDXin=C:\Users\debernal\Dropbox\Ubuntu\GDP_NN\GDP_Refomulation_NN\data\Logic_based_B_B_strip_52\Euler\0\res_prob.gdx
--- GDX File C:\Users\debernal\Dropbox\Ubuntu\GDP_NN\GDP_Refomulation_NN\data\Logic_based_B_B_strip_52\Euler\0\solution_total.gdx
--- GDXin=C:\Users\debernal\Dropbox\Ubuntu\GDP_NN\GDP_Refomulation_NN\data\Logic_based_B_B_strip_52\Euler\0\res_prob.gdx
--- GDX File C:\Users\debernal\Dropbox\Ubuntu\GDP_NN\GDP_Refomulation_NN\data\Logic_based_B_B_strip_52\Euler\0\solution_total.gdx
--- GDXin=C:\Users\debernal\Dropbox\Ubuntu\GDP_NN\GDP_Refomulation_NN\data\Logic_based_B_B_strip_52\Euler\0\res_prob.gdx
--- GDX File C:\Users\debernal\Dropbox\Ubuntu\GDP_NN\GDP_Refomulation_NN\data\Logic_based_B_B_strip_52\Euler\0\stat_total.gdx
--- GDX File C:\Users\debernal\Dropbox\Ubuntu\GDP_NN\GDP_Refomulation_NN\data\Logic_based_B_B_strip_52\Euler\0\solution_total.gdx
--- GDXin=C:\Users\debernal\Dropbox\Ubuntu\GDP_NN\GDP_Refomulation_NN\data\Logic_based_B_B_strip_52\Euler\0\res_prob.gdx
--- GDX File C:\Users\debernal\Dropbox\Ubuntu\GDP_NN\GDP_Refomulation_NN\data\Logic_based_B_B_strip_52\Euler\0\stat_total.gdx
--- GDX File C:\Users\debernal\Dropbox\Ubuntu\GDP_NN\GDP_Refomulation_NN\data\Logic_based_B_B_strip_52\Euler\0\solution_total.gdx
--- GDXin=C:\Users\debernal\Dropbox\Ubuntu\GDP_NN\GDP_Refomulation_NN\data\Logic_based_B_B_strip_52\Euler\0\res_prob.gdx
--- GDX File C:\Users\debernal\Dropbox\Ubuntu\GDP_NN\GDP_Refomulation_NN\data\Logic_based_B_B_strip_52\Euler\0\solution_total.gdx
--- GDXin=C:\Users\debernal\Dropbox\Ubuntu\GDP_NN\GDP_Refomulation_NN\data\Logic_based_B_B_strip_52\Euler\0\res_prob.gdx
--- GDX File C:\Users\debernal\Dropbox\Ubuntu\GDP_NN\GDP_Refomulation_NN\data\Logic_based_B_B_strip_52\Euler\0\solution_total.gdx
--- GDXin=C:\Users\debernal\Dropbox\Ubuntu\GDP_NN\GDP_Refomulation_NN\data\Logic_based_B_B_strip_52\Euler\0\res_prob.gdx
--- GDX File C:\Users\debernal\Dropbox\Ubuntu\GDP_NN\GDP_Refomulation_NN\data\Logic_based_B_B_strip_52\Euler\0\stat_total.gdx
--- GDX File C:\Users\debernal\Dropbox\Ubuntu\GDP_NN\GDP_Refomulation_NN\data\Logic_based_B_B_strip_52\Euler\0\solution_total.gdx
--- GDXin=C:\Users\debernal\Dropbox\Ubuntu\GDP_NN\GDP_Refomulation_NN\data\Logic_based_B_B_strip_52\Euler\0\res_prob.gdx
--- GDX File C:\Users\debernal\Dropbox\Ubuntu\GDP_NN\GDP_Refomulation_NN\data\Logic_based_B_B_strip_52\Euler\0\stat_total.gdx
--- GDX File C:\Users\debernal\Dropbox\Ubuntu\GDP_NN\GDP_Refomulation_NN\data\Logic_based_B_B_strip_52\Euler\0\solution_total.gdx
--- GDXin=C:\Users\debernal\Dropbox\Ubuntu\GDP_NN\GDP_Refomulation_NN\data\Logic_based_B_B_strip_52\Euler\0\res_prob.gdx
--- GDX File C:\Users\debernal\Dropbox\Ubuntu\GDP_NN\GDP_Refomulation_NN\data\Logic_based_B_B_strip_52\Euler\0\solution_total.gdx
--- GDXin=C:\Users\debernal\Dropbox\Ubuntu\GDP_NN\GDP_Refomulation_NN\data\Logic_based_B_B_strip_52\Euler\0\res_prob.gdx
--- GDX File C:\Users\debernal\Dropbox\Ubuntu\GDP_NN\GDP_Refomulation_NN\data\Logic_based_B_B_strip_52\Euler\0\solution_total.gdx
--- GDXin=C:\Users\debernal\Dropbox\Ubuntu\GDP_NN\GDP_Refomulation_NN\data\Logic_based_B_B_strip_52\Euler\0\res_prob.gdx
--- GDX File C:\Users\debernal\Dropbox\Ubuntu\GDP_NN\GDP_Refomulation_NN\data\Logic_based_B_B_strip_52\Euler\0\stat_total.gdx
--- GDX File C:\Users\debernal\Dropbox\Ubuntu\GDP_NN\GDP_Refomulation_NN\data\Logic_based_B_B_strip_52\Euler\0\solution_total.gdx
--- GDXin=C:\Users\debernal\Dropbox\Ubuntu\GDP_NN\GDP_Refomulation_NN\data\Logic_based_B_B_strip_52\Euler\0\res_prob.gdx
--- GDX File C:\Users\debernal\Dropbox\Ubuntu\GDP_NN\GDP_Refomulation_NN\data\Logic_based_B_B_strip_52\Euler\0\stat_total.gdx
--- GDX File C:\Users\debernal\Dropbox\Ubuntu\GDP_NN\GDP_Refomulation_NN\data\Logic_based_B_B_strip_52\Euler\0\solution_total.gdx
--- GDXin=C:\Users\debernal\Dropbox\Ubuntu\GDP_NN\GDP_Refomulation_NN\data\Logic_based_B_B_strip_52\Euler\0\res_prob.gdx
--- GDX File C:\Users\debernal\Dropbox\Ubuntu\GDP_NN\GDP_Refomulation_NN\data\Logic_based_B_B_strip_52\Euler\0\solution_total.gdx
--- GDXin=C:\Users\debernal\Dropbox\Ubuntu\GDP_NN\GDP_Refomulation_NN\data\Logic_based_B_B_strip_52\Euler\0\res_prob.gdx
--- GDX File C:\Users\debernal\Dropbox\Ubuntu\GDP_NN\GDP_Refomulation_NN\data\Logic_based_B_B_strip_52\Euler\0\solution_total.gdx
--- GDXin=C:\Users\debernal\Dropbox\Ubuntu\GDP_NN\GDP_Refomulation_NN\data\Logic_based_B_B_strip_52\Euler\0\res_prob.gdx
--- GDX File C:\Users\debernal\Dropbox\Ubuntu\GDP_NN\GDP_Refomulation_NN\data\Logic_based_B_B_strip_52\Euler\0\stat_total.gdx
--- GDX File C:\Users\debernal\Dropbox\Ubuntu\GDP_NN\GDP_Refomulation_NN\data\Logic_based_B_B_strip_52\Euler\0\solution_total.gdx
--- GDXin=C:\Users\debernal\Dropbox\Ubuntu\GDP_NN\GDP_Refomulation_NN\data\Logic_based_B_B_strip_52\Euler\0\res_prob.gdx
--- GDX File C:\Users\debernal\Dropbox\Ubuntu\GDP_NN\GDP_Refomulation_NN\data\Logic_based_B_B_strip_52\Euler\0\stat_total.gdx
--- GDX File C:\Users\debernal\Dropbox\Ubuntu\GDP_NN\GDP_Refomulation_NN\data\Logic_based_B_B_strip_52\Euler\0\solution_total.gdx
--- GDXin=C:\Users\debernal\Dropbox\Ubuntu\GDP_NN\GDP_Refomulation_NN\data\Logic_based_B_B_strip_52\Euler\0\res_prob.gdx
--- GDX File C:\Users\debernal\Dropbox\Ubuntu\GDP_NN\GDP_Refomulation_NN\data\Logic_based_B_B_strip_52\Euler\0\solution_total.gdx
--- GDXin=C:\Users\debernal\Dropbox\Ubuntu\GDP_NN\GDP_Refomulation_NN\data\Logic_based_B_B_strip_52\Euler\0\res_prob.gdx
--- GDX File C:\Users\debernal\Dropbox\Ubuntu\GDP_NN\GDP_Refomulation_NN\data\Logic_based_B_B_strip_52\Euler\0\solution_total.gdx
--- GDXin=C:\Users\debernal\Dropbox\Ubuntu\GDP_NN\GDP_Refomulation_NN\data\Logic_based_B_B_strip_52\Euler\0\res_prob.gdx
--- GDX File C:\Users\debernal\Dropbox\Ubuntu\GDP_NN\GDP_Refomulation_NN\data\Logic_based_B_B_strip_52\Euler\0\stat_total.gdx
--- GDX File C:\Users\debernal\Dropbox\Ubuntu\GDP_NN\GDP_Refomulation_NN\data\Logic_based_B_B_strip_52\Euler\0\solution_total.gdx
--- GDXin=C:\Users\debernal\Dropbox\Ubuntu\GDP_NN\GDP_Refomulation_NN\data\Logic_based_B_B_strip_52\Euler\0\res_prob.gdx
--- GDX File C:\Users\debernal\Dropbox\Ubuntu\GDP_NN\GDP_Refomulation_NN\data\Logic_based_B_B_strip_52\Euler\0\stat_total.gdx
--- GDX File C:\Users\debernal\Dropbox\Ubuntu\GDP_NN\GDP_Refomulation_NN\data\Logic_based_B_B_strip_52\Euler\0\solution_total.gdx
--- GDXin=C:\Users\debernal\Dropbox\Ubuntu\GDP_NN\GDP_Refomulation_NN\data\Logic_based_B_B_strip_52\Euler\0\res_prob.gdx
--- GDX File C:\Users\debernal\Dropbox\Ubuntu\GDP_NN\GDP_Refomulation_NN\data\Logic_based_B_B_strip_52\Euler\0\solution_total.gdx
--- GDXin=C:\Users\debernal\Dropbox\Ubuntu\GDP_NN\GDP_Refomulation_NN\data\Logic_based_B_B_strip_52\Euler\0\res_prob.gdx
--- GDX File C:\Users\debernal\Dropbox\Ubuntu\GDP_NN\GDP_Refomulation_NN\data\Logic_based_B_B_strip_52\Euler\0\solution_total.gdx
--- GDXin=C:\Users\debernal\Dropbox\Ubuntu\GDP_NN\GDP_Refomulation_NN\data\Logic_based_B_B_strip_52\Euler\0\res_prob.gdx
--- GDX File C:\Users\debernal\Dropbox\Ubuntu\GDP_NN\GDP_Refomulation_NN\data\Logic_based_B_B_strip_52\Euler\0\stat_total.gdx
--- GDX File C:\Users\debernal\Dropbox\Ubuntu\GDP_NN\GDP_Refomulation_NN\data\Logic_based_B_B_strip_52\Euler\0\solution_total.gdx
--- GDXin=C:\Users\debernal\Dropbox\Ubuntu\GDP_NN\GDP_Refomulation_NN\data\Logic_based_B_B_strip_52\Euler\0\res_prob.gdx
--- GDX File C:\Users\debernal\Dropbox\Ubuntu\GDP_NN\GDP_Refomulation_NN\data\Logic_based_B_B_strip_52\Euler\0\stat_total.gdx
--- GDX File C:\Users\debernal\Dropbox\Ubuntu\GDP_NN\GDP_Refomulation_NN\data\Logic_based_B_B_strip_52\Euler\0\solution_total.gdx
--- GDXin=C:\Users\debernal\Dropbox\Ubuntu\GDP_NN\GDP_Refomulation_NN\data\Logic_based_B_B_strip_52\Euler\0\res_prob.gdx
--- GDX File C:\Users\debernal\Dropbox\Ubuntu\GDP_NN\GDP_Refomulation_NN\data\Logic_based_B_B_strip_52\Euler\0\solution_total.gdx
--- GDXin=C:\Users\debernal\Dropbox\Ubuntu\GDP_NN\GDP_Refomulation_NN\data\Logic_based_B_B_strip_52\Euler\0\res_prob.gdx
--- GDX File C:\Users\debernal\Dropbox\Ubuntu\GDP_NN\GDP_Refomulation_NN\data\Logic_based_B_B_strip_52\Euler\0\solution_total.gdx
--- run_batch.gms(75) 4 Mb
--- run_batch.gms(76) 4 Mb
GDX2SQLITE v 0.7
GDX Library      25.0.1 r65189 Released Jan 17, 2018 WEI x86 64bit/MS Windows 
Current directory:C:\Users\debernal\Dropbox\Ubuntu\GDP_NN\GDP_Refomulation_NN\data\Logic_based_B_B_strip_52\Euler\0

   InputFile:solution_total.gdx
   OutputFile:solution_total.db
   Symbols:1
   Uels:21
   Loading Uels
   Processing Symbols
     solu(217 records)
   Inserts:217
   Elapsed:0.06 seconds
   Inserts/second:3945.45
   Done

--- run_batch.gms(77) 4 Mb
GDX2SQLITE v 0.7
GDX Library      25.0.1 r65189 Released Jan 17, 2018 WEI x86 64bit/MS Windows 
Current directory:C:\Users\debernal\Dropbox\Ubuntu\GDP_NN\GDP_Refomulation_NN\data\Logic_based_B_B_strip_52\Euler\0

   InputFile:stat_total.gdx
   OutputFile:stat_total.db
   Symbols:1
   Uels:16
   Loading Uels
   Processing Symbols
     stats(80 records)
   Inserts:80
   Elapsed:0.06 seconds
   Inserts/second:1290.32
   Done

--- Putfile seed_no C:\Users\debernal\Dropbox\Ubuntu\GDP_NN\GDP_Refomulation_NN\data\Logic_based_B_B_strip_52\Euler\0\seed.gms
*** Status: Normal completion
--- Job run_batch.gms Stop 04/12/18 20:13:29 elapsed 1:11:51.171
