
--- Job run_batch.gms Start 08/04/15 11:15:29 24.4.5 r52258 WEX-VS8 x86 32bit/MS Windows
GAMS 24.4.5   Copyright (C) 1987-2015 GAMS Development. All rights reserved
Licensee: Ignacio E. Grossmann                           G150105/0001AO-GEN
          Carnegie Mellon University, Dept. of Chemical Engineering  DC9476
          License for teaching and research at degree granting institutions
--- Starting compilation
--- run_batch.gms(83) 3 Mb
--- Starting execution: elapsed 0:00:00.002
--- run_batch.gms(13) 4 Mb
--- GDXin=C:\Users\sterraza\Desktop\Documents\Research\Lagrangean_GDP\Logic_based_B_B_contracts1\res_prob .gdx
--- GDXin=C:\Users\sterraza\Desktop\Documents\Research\Lagrangean_GDP\Logic_based_B_B_contracts1\res_prob .gdx
--- GDXin=C:\Users\sterraza\Desktop\Documents\Research\Lagrangean_GDP\Logic_based_B_B_contracts1\res_prob .gdx
--- GDXin=C:\Users\sterraza\Desktop\Documents\Research\Lagrangean_GDP\Logic_based_B_B_contracts1\res_prob .gdx
--- GDXin=C:\Users\sterraza\Desktop\Documents\Research\Lagrangean_GDP\Logic_based_B_B_contracts1\res_prob .gdx
--- GDXin=C:\Users\sterraza\Desktop\Documents\Research\Lagrangean_GDP\Logic_based_B_B_contracts1\res_prob .gdx
--- GDXin=C:\Users\sterraza\Desktop\Documents\Research\Lagrangean_GDP\Logic_based_B_B_contracts1\res_prob .gdx
--- GDXin=C:\Users\sterraza\Desktop\Documents\Research\Lagrangean_GDP\Logic_based_B_B_contracts1\res_prob .gdx
--- GDXin=C:\Users\sterraza\Desktop\Documents\Research\Lagrangean_GDP\Logic_based_B_B_contracts1\res_prob .gdx
--- GDXin=C:\Users\sterraza\Desktop\Documents\Research\Lagrangean_GDP\Logic_based_B_B_contracts1\res_prob .gdx
--- GDXin=C:\Users\sterraza\Desktop\Documents\Research\Lagrangean_GDP\Logic_based_B_B_contracts1\res_prob .gdx
--- GDXin=C:\Users\sterraza\Desktop\Documents\Research\Lagrangean_GDP\Logic_based_B_B_contracts1\res_prob .gdx
--- GDXin=C:\Users\sterraza\Desktop\Documents\Research\Lagrangean_GDP\Logic_based_B_B_contracts1\res_prob .gdx
--- GDXin=C:\Users\sterraza\Desktop\Documents\Research\Lagrangean_GDP\Logic_based_B_B_contracts1\res_prob .gdx
--- GDXin=C:\Users\sterraza\Desktop\Documents\Research\Lagrangean_GDP\Logic_based_B_B_contracts1\res_prob .gdx
--- GDXin=C:\Users\sterraza\Desktop\Documents\Research\Lagrangean_GDP\Logic_based_B_B_contracts1\res_prob .gdx
--- GDXin=C:\Users\sterraza\Desktop\Documents\Research\Lagrangean_GDP\Logic_based_B_B_contracts1\res_prob .gdx
--- GDXin=C:\Users\sterraza\Desktop\Documents\Research\Lagrangean_GDP\Logic_based_B_B_contracts1\res_prob .gdx
--- GDXin=C:\Users\sterraza\Desktop\Documents\Research\Lagrangean_GDP\Logic_based_B_B_contracts1\res_prob .gdx
--- GDXin=C:\Users\sterraza\Desktop\Documents\Research\Lagrangean_GDP\Logic_based_B_B_contracts1\res_prob .gdx
--- GDXin=C:\Users\sterraza\Desktop\Documents\Research\Lagrangean_GDP\Logic_based_B_B_contracts1\res_prob .gdx
--- GDXin=C:\Users\sterraza\Desktop\Documents\Research\Lagrangean_GDP\Logic_based_B_B_contracts1\res_prob .gdx
--- GDXin=C:\Users\sterraza\Desktop\Documents\Research\Lagrangean_GDP\Logic_based_B_B_contracts1\res_prob .gdx
--- GDXin=C:\Users\sterraza\Desktop\Documents\Research\Lagrangean_GDP\Logic_based_B_B_contracts1\res_prob .gdx
--- GDXin=C:\Users\sterraza\Desktop\Documents\Research\Lagrangean_GDP\Logic_based_B_B_contracts1\res_prob .gdx
--- GDXin=C:\Users\sterraza\Desktop\Documents\Research\Lagrangean_GDP\Logic_based_B_B_contracts1\res_prob .gdx
--- GDXin=C:\Users\sterraza\Desktop\Documents\Research\Lagrangean_GDP\Logic_based_B_B_contracts1\res_prob .gdx
--- GDXin=C:\Users\sterraza\Desktop\Documents\Research\Lagrangean_GDP\Logic_based_B_B_contracts1\res_prob .gdx
--- GDXin=C:\Users\sterraza\Desktop\Documents\Research\Lagrangean_GDP\Logic_based_B_B_contracts1\res_prob .gdx
--- GDXin=C:\Users\sterraza\Desktop\Documents\Research\Lagrangean_GDP\Logic_based_B_B_contracts1\res_prob .gdx
--- GDXin=C:\Users\sterraza\Desktop\Documents\Research\Lagrangean_GDP\Logic_based_B_B_contracts1\res_prob .gdx
--- GDXin=C:\Users\sterraza\Desktop\Documents\Research\Lagrangean_GDP\Logic_based_B_B_contracts1\res_prob .gdx
--- GDXin=C:\Users\sterraza\Desktop\Documents\Research\Lagrangean_GDP\Logic_based_B_B_contracts1\res_prob .gdx
--- GDXin=C:\Users\sterraza\Desktop\Documents\Research\Lagrangean_GDP\Logic_based_B_B_contracts1\res_prob .gdx
--- GDXin=C:\Users\sterraza\Desktop\Documents\Research\Lagrangean_GDP\Logic_based_B_B_contracts1\res_prob .gdx
--- GDXin=C:\Users\sterraza\Desktop\Documents\Research\Lagrangean_GDP\Logic_based_B_B_contracts1\res_prob .gdx
--- GDXin=C:\Users\sterraza\Desktop\Documents\Research\Lagrangean_GDP\Logic_based_B_B_contracts1\res_prob .gdx
--- GDXin=C:\Users\sterraza\Desktop\Documents\Research\Lagrangean_GDP\Logic_based_B_B_contracts1\res_prob .gdx
--- GDXin=C:\Users\sterraza\Desktop\Documents\Research\Lagrangean_GDP\Logic_based_B_B_contracts1\res_prob .gdx
--- GDXin=C:\Users\sterraza\Desktop\Documents\Research\Lagrangean_GDP\Logic_based_B_B_contracts1\res_prob .gdx
--- GDXin=C:\Users\sterraza\Desktop\Documents\Research\Lagrangean_GDP\Logic_based_B_B_contracts1\res_prob .gdx
--- GDXin=C:\Users\sterraza\Desktop\Documents\Research\Lagrangean_GDP\Logic_based_B_B_contracts1\res_prob .gdx
--- GDXin=C:\Users\sterraza\Desktop\Documents\Research\Lagrangean_GDP\Logic_based_B_B_contracts1\res_prob .gdx
--- GDXin=C:\Users\sterraza\Desktop\Documents\Research\Lagrangean_GDP\Logic_based_B_B_contracts1\res_prob .gdx
--- GDXin=C:\Users\sterraza\Desktop\Documents\Research\Lagrangean_GDP\Logic_based_B_B_contracts1\res_prob .gdx
--- GDXin=C:\Users\sterraza\Desktop\Documents\Research\Lagrangean_GDP\Logic_based_B_B_contracts1\res_prob .gdx
--- GDXin=C:\Users\sterraza\Desktop\Documents\Research\Lagrangean_GDP\Logic_based_B_B_contracts1\res_prob .gdx
--- GDXin=C:\Users\sterraza\Desktop\Documents\Research\Lagrangean_GDP\Logic_based_B_B_contracts1\res_prob .gdx
--- GDXin=C:\Users\sterraza\Desktop\Documents\Research\Lagrangean_GDP\Logic_based_B_B_contracts1\res_prob .gdx
--- GDXin=C:\Users\sterraza\Desktop\Documents\Research\Lagrangean_GDP\Logic_based_B_B_contracts1\res_prob .gdx
--- GDXin=C:\Users\sterraza\Desktop\Documents\Research\Lagrangean_GDP\Logic_based_B_B_contracts1\res_prob .gdx
--- GDXin=C:\Users\sterraza\Desktop\Documents\Research\Lagrangean_GDP\Logic_based_B_B_contracts1\res_prob .gdx
--- GDXin=C:\Users\sterraza\Desktop\Documents\Research\Lagrangean_GDP\Logic_based_B_B_contracts1\res_prob .gdx
--- GDXin=C:\Users\sterraza\Desktop\Documents\Research\Lagrangean_GDP\Logic_based_B_B_contracts1\res_prob .gdx
--- GDXin=C:\Users\sterraza\Desktop\Documents\Research\Lagrangean_GDP\Logic_based_B_B_contracts1\res_prob .gdx
--- GDXin=C:\Users\sterraza\Desktop\Documents\Research\Lagrangean_GDP\Logic_based_B_B_contracts1\res_prob .gdx
--- GDXin=C:\Users\sterraza\Desktop\Documents\Research\Lagrangean_GDP\Logic_based_B_B_contracts1\res_prob .gdx
--- GDXin=C:\Users\sterraza\Desktop\Documents\Research\Lagrangean_GDP\Logic_based_B_B_contracts1\res_prob .gdx
--- GDXin=C:\Users\sterraza\Desktop\Documents\Research\Lagrangean_GDP\Logic_based_B_B_contracts1\res_prob .gdx
--- GDXin=C:\Users\sterraza\Desktop\Documents\Research\Lagrangean_GDP\Logic_based_B_B_contracts1\res_prob .gdx
--- GDXin=C:\Users\sterraza\Desktop\Documents\Research\Lagrangean_GDP\Logic_based_B_B_contracts1\res_prob .gdx
--- GDXin=C:\Users\sterraza\Desktop\Documents\Research\Lagrangean_GDP\Logic_based_B_B_contracts1\res_prob .gdx
--- GDXin=C:\Users\sterraza\Desktop\Documents\Research\Lagrangean_GDP\Logic_based_B_B_contracts1\res_prob .gdx
--- GDXin=C:\Users\sterraza\Desktop\Documents\Research\Lagrangean_GDP\Logic_based_B_B_contracts1\res_prob .gdx
--- GDXin=C:\Users\sterraza\Desktop\Documents\Research\Lagrangean_GDP\Logic_based_B_B_contracts1\res_prob .gdx
--- GDXin=C:\Users\sterraza\Desktop\Documents\Research\Lagrangean_GDP\Logic_based_B_B_contracts1\res_prob .gdx
--- GDXin=C:\Users\sterraza\Desktop\Documents\Research\Lagrangean_GDP\Logic_based_B_B_contracts1\res_prob .gdx
--- GDXin=C:\Users\sterraza\Desktop\Documents\Research\Lagrangean_GDP\Logic_based_B_B_contracts1\res_prob .gdx
--- GDXin=C:\Users\sterraza\Desktop\Documents\Research\Lagrangean_GDP\Logic_based_B_B_contracts1\res_prob .gdx
--- GDXin=C:\Users\sterraza\Desktop\Documents\Research\Lagrangean_GDP\Logic_based_B_B_contracts1\res_prob .gdx
--- GDXin=C:\Users\sterraza\Desktop\Documents\Research\Lagrangean_GDP\Logic_based_B_B_contracts1\res_prob .gdx
--- GDXin=C:\Users\sterraza\Desktop\Documents\Research\Lagrangean_GDP\Logic_based_B_B_contracts1\res_prob .gdx
--- GDXin=C:\Users\sterraza\Desktop\Documents\Research\Lagrangean_GDP\Logic_based_B_B_contracts1\res_prob .gdx
--- GDXin=C:\Users\sterraza\Desktop\Documents\Research\Lagrangean_GDP\Logic_based_B_B_contracts1\res_prob .gdx
--- GDXin=C:\Users\sterraza\Desktop\Documents\Research\Lagrangean_GDP\Logic_based_B_B_contracts1\res_prob .gdx
--- GDXin=C:\Users\sterraza\Desktop\Documents\Research\Lagrangean_GDP\Logic_based_B_B_contracts1\res_prob .gdx
--- GDXin=C:\Users\sterraza\Desktop\Documents\Research\Lagrangean_GDP\Logic_based_B_B_contracts1\res_prob .gdx
--- GDXin=C:\Users\sterraza\Desktop\Documents\Research\Lagrangean_GDP\Logic_based_B_B_contracts1\res_prob .gdx
--- GDXin=C:\Users\sterraza\Desktop\Documents\Research\Lagrangean_GDP\Logic_based_B_B_contracts1\res_prob .gdx
--- GDXin=C:\Users\sterraza\Desktop\Documents\Research\Lagrangean_GDP\Logic_based_B_B_contracts1\res_prob .gdx
--- GDXin=C:\Users\sterraza\Desktop\Documents\Research\Lagrangean_GDP\Logic_based_B_B_contracts1\res_prob .gdx
--- GDXin=C:\Users\sterraza\Desktop\Documents\Research\Lagrangean_GDP\Logic_based_B_B_contracts1\res_prob .gdx
--- GDXin=C:\Users\sterraza\Desktop\Documents\Research\Lagrangean_GDP\Logic_based_B_B_contracts1\res_prob .gdx
--- GDXin=C:\Users\sterraza\Desktop\Documents\Research\Lagrangean_GDP\Logic_based_B_B_contracts1\res_prob .gdx
--- GDXin=C:\Users\sterraza\Desktop\Documents\Research\Lagrangean_GDP\Logic_based_B_B_contracts1\res_prob .gdx
--- Putfile seed_no C:\Users\sterraza\Desktop\Documents\Research\Lagrangean_GDP\Logic_based_B_B_contracts1\seed.gms
*** Status: Normal completion
--- Job run_batch.gms Stop 08/06/15 05:26:51 elapsed 42:11:21.769
