
--- Job z_run_batch.gms Start 07/02/15 09:07:45 24.4.5 r52258 WEX-VS8 x86 32bit/MS Windows
GAMS 24.4.5   Copyright (C) 1987-2015 GAMS Development. All rights reserved
Licensee: Ignacio E. Grossmann                           G150105/0001AO-GEN
          Carnegie Mellon University, Dept. of Chemical Engineering  DC9476
          License for teaching and research at degree granting institutions
--- Starting compilation
--- z_run_batch.gms(81) 3 Mb
--- Starting execution: elapsed 0:00:00.002
--- z_run_batch.gms(13) 4 Mb
--- GDXin=C:\Users\sterraza\Desktop\Documents\Research\Lagrangean_GDP\Logic_based_B_B_strip_4_5_newform\res_prob_2 .gdx
--- GDXin=C:\Users\sterraza\Desktop\Documents\Research\Lagrangean_GDP\Logic_based_B_B_strip_4_5_newform\res_prob_2 .gdx
--- GDXin=C:\Users\sterraza\Desktop\Documents\Research\Lagrangean_GDP\Logic_based_B_B_strip_4_5_newform\res_prob_2 .gdx
--- GDXin=C:\Users\sterraza\Desktop\Documents\Research\Lagrangean_GDP\Logic_based_B_B_strip_4_5_newform\res_prob_2 .gdx
--- GDXin=C:\Users\sterraza\Desktop\Documents\Research\Lagrangean_GDP\Logic_based_B_B_strip_4_5_newform\res_prob_2 .gdx
--- GDXin=C:\Users\sterraza\Desktop\Documents\Research\Lagrangean_GDP\Logic_based_B_B_strip_4_5_newform\res_prob_2 .gdx
--- GDXin=C:\Users\sterraza\Desktop\Documents\Research\Lagrangean_GDP\Logic_based_B_B_strip_4_5_newform\res_prob_2 .gdx
--- GDXin=C:\Users\sterraza\Desktop\Documents\Research\Lagrangean_GDP\Logic_based_B_B_strip_4_5_newform\res_prob_2 .gdx
--- GDXin=C:\Users\sterraza\Desktop\Documents\Research\Lagrangean_GDP\Logic_based_B_B_strip_4_5_newform\res_prob_2 .gdx
--- GDXin=C:\Users\sterraza\Desktop\Documents\Research\Lagrangean_GDP\Logic_based_B_B_strip_4_5_newform\res_prob_2 .gdx
--- GDXin=C:\Users\sterraza\Desktop\Documents\Research\Lagrangean_GDP\Logic_based_B_B_strip_4_5_newform\res_prob_2 .gdx
--- GDXin=C:\Users\sterraza\Desktop\Documents\Research\Lagrangean_GDP\Logic_based_B_B_strip_4_5_newform\res_prob_2 .gdx
--- GDXin=C:\Users\sterraza\Desktop\Documents\Research\Lagrangean_GDP\Logic_based_B_B_strip_4_5_newform\res_prob_2 .gdx
--- GDXin=C:\Users\sterraza\Desktop\Documents\Research\Lagrangean_GDP\Logic_based_B_B_strip_4_5_newform\res_prob_2 .gdx
--- GDXin=C:\Users\sterraza\Desktop\Documents\Research\Lagrangean_GDP\Logic_based_B_B_strip_4_5_newform\res_prob_2 .gdx
--- GDXin=C:\Users\sterraza\Desktop\Documents\Research\Lagrangean_GDP\Logic_based_B_B_strip_4_5_newform\res_prob_2 .gdx
--- GDXin=C:\Users\sterraza\Desktop\Documents\Research\Lagrangean_GDP\Logic_based_B_B_strip_4_5_newform\res_prob_2 .gdx
--- GDXin=C:\Users\sterraza\Desktop\Documents\Research\Lagrangean_GDP\Logic_based_B_B_strip_4_5_newform\res_prob_2 .gdx
--- GDXin=C:\Users\sterraza\Desktop\Documents\Research\Lagrangean_GDP\Logic_based_B_B_strip_4_5_newform\res_prob_2 .gdx
--- GDXin=C:\Users\sterraza\Desktop\Documents\Research\Lagrangean_GDP\Logic_based_B_B_strip_4_5_newform\res_prob_2 .gdx
--- GDXin=C:\Users\sterraza\Desktop\Documents\Research\Lagrangean_GDP\Logic_based_B_B_strip_4_5_newform\res_prob_2 .gdx
--- GDXin=C:\Users\sterraza\Desktop\Documents\Research\Lagrangean_GDP\Logic_based_B_B_strip_4_5_newform\res_prob_2 .gdx
--- GDXin=C:\Users\sterraza\Desktop\Documents\Research\Lagrangean_GDP\Logic_based_B_B_strip_4_5_newform\res_prob_2 .gdx
--- GDXin=C:\Users\sterraza\Desktop\Documents\Research\Lagrangean_GDP\Logic_based_B_B_strip_4_5_newform\res_prob_2 .gdx
--- GDXin=C:\Users\sterraza\Desktop\Documents\Research\Lagrangean_GDP\Logic_based_B_B_strip_4_5_newform\res_prob_2 .gdx
--- GDXin=C:\Users\sterraza\Desktop\Documents\Research\Lagrangean_GDP\Logic_based_B_B_strip_4_5_newform\res_prob_2 .gdx
--- GDXin=C:\Users\sterraza\Desktop\Documents\Research\Lagrangean_GDP\Logic_based_B_B_strip_4_5_newform\res_prob_2 .gdx
--- GDXin=C:\Users\sterraza\Desktop\Documents\Research\Lagrangean_GDP\Logic_based_B_B_strip_4_5_newform\res_prob_2 .gdx
--- GDXin=C:\Users\sterraza\Desktop\Documents\Research\Lagrangean_GDP\Logic_based_B_B_strip_4_5_newform\res_prob_2 .gdx
--- GDXin=C:\Users\sterraza\Desktop\Documents\Research\Lagrangean_GDP\Logic_based_B_B_strip_4_5_newform\res_prob_2 .gdx
--- GDXin=C:\Users\sterraza\Desktop\Documents\Research\Lagrangean_GDP\Logic_based_B_B_strip_4_5_newform\res_prob_2 .gdx
--- GDXin=C:\Users\sterraza\Desktop\Documents\Research\Lagrangean_GDP\Logic_based_B_B_strip_4_5_newform\res_prob_2 .gdx
--- GDXin=C:\Users\sterraza\Desktop\Documents\Research\Lagrangean_GDP\Logic_based_B_B_strip_4_5_newform\res_prob_2 .gdx
--- GDXin=C:\Users\sterraza\Desktop\Documents\Research\Lagrangean_GDP\Logic_based_B_B_strip_4_5_newform\res_prob_2 .gdx
--- GDXin=C:\Users\sterraza\Desktop\Documents\Research\Lagrangean_GDP\Logic_based_B_B_strip_4_5_newform\res_prob_2 .gdx
--- GDXin=C:\Users\sterraza\Desktop\Documents\Research\Lagrangean_GDP\Logic_based_B_B_strip_4_5_newform\res_prob_2 .gdx
--- GDXin=C:\Users\sterraza\Desktop\Documents\Research\Lagrangean_GDP\Logic_based_B_B_strip_4_5_newform\res_prob_2 .gdx
--- GDXin=C:\Users\sterraza\Desktop\Documents\Research\Lagrangean_GDP\Logic_based_B_B_strip_4_5_newform\res_prob_2 .gdx
--- GDXin=C:\Users\sterraza\Desktop\Documents\Research\Lagrangean_GDP\Logic_based_B_B_strip_4_5_newform\res_prob_2 .gdx
--- GDXin=C:\Users\sterraza\Desktop\Documents\Research\Lagrangean_GDP\Logic_based_B_B_strip_4_5_newform\res_prob_2 .gdx
--- GDXin=C:\Users\sterraza\Desktop\Documents\Research\Lagrangean_GDP\Logic_based_B_B_strip_4_5_newform\res_prob_2 .gdx
--- GDXin=C:\Users\sterraza\Desktop\Documents\Research\Lagrangean_GDP\Logic_based_B_B_strip_4_5_newform\res_prob_2 .gdx
--- GDXin=C:\Users\sterraza\Desktop\Documents\Research\Lagrangean_GDP\Logic_based_B_B_strip_4_5_newform\res_prob_2 .gdx
--- GDXin=C:\Users\sterraza\Desktop\Documents\Research\Lagrangean_GDP\Logic_based_B_B_strip_4_5_newform\res_prob_2 .gdx
--- GDXin=C:\Users\sterraza\Desktop\Documents\Research\Lagrangean_GDP\Logic_based_B_B_strip_4_5_newform\res_prob_2 .gdx
--- GDXin=C:\Users\sterraza\Desktop\Documents\Research\Lagrangean_GDP\Logic_based_B_B_strip_4_5_newform\res_prob_2 .gdx
--- GDXin=C:\Users\sterraza\Desktop\Documents\Research\Lagrangean_GDP\Logic_based_B_B_strip_4_5_newform\res_prob_2 .gdx
--- GDXin=C:\Users\sterraza\Desktop\Documents\Research\Lagrangean_GDP\Logic_based_B_B_strip_4_5_newform\res_prob_2 .gdx
--- GDXin=C:\Users\sterraza\Desktop\Documents\Research\Lagrangean_GDP\Logic_based_B_B_strip_4_5_newform\res_prob_2 .gdx
--- GDXin=C:\Users\sterraza\Desktop\Documents\Research\Lagrangean_GDP\Logic_based_B_B_strip_4_5_newform\res_prob_2 .gdx
--- GDXin=C:\Users\sterraza\Desktop\Documents\Research\Lagrangean_GDP\Logic_based_B_B_strip_4_5_newform\res_prob_2 .gdx
--- GDXin=C:\Users\sterraza\Desktop\Documents\Research\Lagrangean_GDP\Logic_based_B_B_strip_4_5_newform\res_prob_2 .gdx
--- GDXin=C:\Users\sterraza\Desktop\Documents\Research\Lagrangean_GDP\Logic_based_B_B_strip_4_5_newform\res_prob_2 .gdx
--- GDXin=C:\Users\sterraza\Desktop\Documents\Research\Lagrangean_GDP\Logic_based_B_B_strip_4_5_newform\res_prob_2 .gdx
--- GDXin=C:\Users\sterraza\Desktop\Documents\Research\Lagrangean_GDP\Logic_based_B_B_strip_4_5_newform\res_prob_2 .gdx
--- GDXin=C:\Users\sterraza\Desktop\Documents\Research\Lagrangean_GDP\Logic_based_B_B_strip_4_5_newform\res_prob_2 .gdx
--- GDXin=C:\Users\sterraza\Desktop\Documents\Research\Lagrangean_GDP\Logic_based_B_B_strip_4_5_newform\res_prob_2 .gdx
--- GDXin=C:\Users\sterraza\Desktop\Documents\Research\Lagrangean_GDP\Logic_based_B_B_strip_4_5_newform\res_prob_2 .gdx
--- GDXin=C:\Users\sterraza\Desktop\Documents\Research\Lagrangean_GDP\Logic_based_B_B_strip_4_5_newform\res_prob_2 .gdx
--- GDXin=C:\Users\sterraza\Desktop\Documents\Research\Lagrangean_GDP\Logic_based_B_B_strip_4_5_newform\res_prob_2 .gdx
--- GDXin=C:\Users\sterraza\Desktop\Documents\Research\Lagrangean_GDP\Logic_based_B_B_strip_4_5_newform\res_prob_2 .gdx
--- GDXin=C:\Users\sterraza\Desktop\Documents\Research\Lagrangean_GDP\Logic_based_B_B_strip_4_5_newform\res_prob_2 .gdx
--- GDXin=C:\Users\sterraza\Desktop\Documents\Research\Lagrangean_GDP\Logic_based_B_B_strip_4_5_newform\res_prob_2 .gdx
--- GDXin=C:\Users\sterraza\Desktop\Documents\Research\Lagrangean_GDP\Logic_based_B_B_strip_4_5_newform\res_prob_2 .gdx
--- GDXin=C:\Users\sterraza\Desktop\Documents\Research\Lagrangean_GDP\Logic_based_B_B_strip_4_5_newform\res_prob_2 .gdx
--- GDXin=C:\Users\sterraza\Desktop\Documents\Research\Lagrangean_GDP\Logic_based_B_B_strip_4_5_newform\res_prob_2 .gdx
--- GDXin=C:\Users\sterraza\Desktop\Documents\Research\Lagrangean_GDP\Logic_based_B_B_strip_4_5_newform\res_prob_2 .gdx
--- GDXin=C:\Users\sterraza\Desktop\Documents\Research\Lagrangean_GDP\Logic_based_B_B_strip_4_5_newform\res_prob_2 .gdx
--- GDXin=C:\Users\sterraza\Desktop\Documents\Research\Lagrangean_GDP\Logic_based_B_B_strip_4_5_newform\res_prob_2 .gdx
--- GDXin=C:\Users\sterraza\Desktop\Documents\Research\Lagrangean_GDP\Logic_based_B_B_strip_4_5_newform\res_prob_2 .gdx
--- GDXin=C:\Users\sterraza\Desktop\Documents\Research\Lagrangean_GDP\Logic_based_B_B_strip_4_5_newform\res_prob_2 .gdx
--- GDXin=C:\Users\sterraza\Desktop\Documents\Research\Lagrangean_GDP\Logic_based_B_B_strip_4_5_newform\res_prob_2 .gdx
--- GDXin=C:\Users\sterraza\Desktop\Documents\Research\Lagrangean_GDP\Logic_based_B_B_strip_4_5_newform\res_prob_2 .gdx
--- GDXin=C:\Users\sterraza\Desktop\Documents\Research\Lagrangean_GDP\Logic_based_B_B_strip_4_5_newform\res_prob_2 .gdx
--- GDXin=C:\Users\sterraza\Desktop\Documents\Research\Lagrangean_GDP\Logic_based_B_B_strip_4_5_newform\res_prob_2 .gdx
--- GDXin=C:\Users\sterraza\Desktop\Documents\Research\Lagrangean_GDP\Logic_based_B_B_strip_4_5_newform\res_prob_2 .gdx
--- GDXin=C:\Users\sterraza\Desktop\Documents\Research\Lagrangean_GDP\Logic_based_B_B_strip_4_5_newform\res_prob_2 .gdx
--- GDXin=C:\Users\sterraza\Desktop\Documents\Research\Lagrangean_GDP\Logic_based_B_B_strip_4_5_newform\res_prob_2 .gdx
--- GDXin=C:\Users\sterraza\Desktop\Documents\Research\Lagrangean_GDP\Logic_based_B_B_strip_4_5_newform\res_prob_2 .gdx
--- GDXin=C:\Users\sterraza\Desktop\Documents\Research\Lagrangean_GDP\Logic_based_B_B_strip_4_5_newform\res_prob_2 .gdx
--- GDXin=C:\Users\sterraza\Desktop\Documents\Research\Lagrangean_GDP\Logic_based_B_B_strip_4_5_newform\res_prob_2 .gdx
--- GDXin=C:\Users\sterraza\Desktop\Documents\Research\Lagrangean_GDP\Logic_based_B_B_strip_4_5_newform\res_prob_2 .gdx
--- GDXin=C:\Users\sterraza\Desktop\Documents\Research\Lagrangean_GDP\Logic_based_B_B_strip_4_5_newform\res_prob_2 .gdx
--- GDXin=C:\Users\sterraza\Desktop\Documents\Research\Lagrangean_GDP\Logic_based_B_B_strip_4_5_newform\res_prob_2 .gdx
--- GDXin=C:\Users\sterraza\Desktop\Documents\Research\Lagrangean_GDP\Logic_based_B_B_strip_4_5_newform\res_prob_2 .gdx
--- GDXin=C:\Users\sterraza\Desktop\Documents\Research\Lagrangean_GDP\Logic_based_B_B_strip_4_5_newform\res_prob_2 .gdx
--- GDXin=C:\Users\sterraza\Desktop\Documents\Research\Lagrangean_GDP\Logic_based_B_B_strip_4_5_newform\res_prob_2 .gdx
--- GDXin=C:\Users\sterraza\Desktop\Documents\Research\Lagrangean_GDP\Logic_based_B_B_strip_4_5_newform\res_prob_2 .gdx
--- GDXin=C:\Users\sterraza\Desktop\Documents\Research\Lagrangean_GDP\Logic_based_B_B_strip_4_5_newform\res_prob_2 .gdx
--- GDXin=C:\Users\sterraza\Desktop\Documents\Research\Lagrangean_GDP\Logic_based_B_B_strip_4_5_newform\res_prob_2 .gdx
--- GDXin=C:\Users\sterraza\Desktop\Documents\Research\Lagrangean_GDP\Logic_based_B_B_strip_4_5_newform\res_prob_2 .gdx
--- GDXin=C:\Users\sterraza\Desktop\Documents\Research\Lagrangean_GDP\Logic_based_B_B_strip_4_5_newform\res_prob_2 .gdx
--- GDXin=C:\Users\sterraza\Desktop\Documents\Research\Lagrangean_GDP\Logic_based_B_B_strip_4_5_newform\res_prob_2 .gdx
--- GDXin=C:\Users\sterraza\Desktop\Documents\Research\Lagrangean_GDP\Logic_based_B_B_strip_4_5_newform\res_prob_2 .gdx
--- GDXin=C:\Users\sterraza\Desktop\Documents\Research\Lagrangean_GDP\Logic_based_B_B_strip_4_5_newform\res_prob_2 .gdx
--- GDXin=C:\Users\sterraza\Desktop\Documents\Research\Lagrangean_GDP\Logic_based_B_B_strip_4_5_newform\res_prob_2 .gdx
--- GDXin=C:\Users\sterraza\Desktop\Documents\Research\Lagrangean_GDP\Logic_based_B_B_strip_4_5_newform\res_prob_2 .gdx
--- GDXin=C:\Users\sterraza\Desktop\Documents\Research\Lagrangean_GDP\Logic_based_B_B_strip_4_5_newform\res_prob_2 .gdx
--- GDXin=C:\Users\sterraza\Desktop\Documents\Research\Lagrangean_GDP\Logic_based_B_B_strip_4_5_newform\res_prob_2 .gdx
--- GDXin=C:\Users\sterraza\Desktop\Documents\Research\Lagrangean_GDP\Logic_based_B_B_strip_4_5_newform\res_prob_2 .gdx
--- GDXin=C:\Users\sterraza\Desktop\Documents\Research\Lagrangean_GDP\Logic_based_B_B_strip_4_5_newform\res_prob_2 .gdx
--- GDXin=C:\Users\sterraza\Desktop\Documents\Research\Lagrangean_GDP\Logic_based_B_B_strip_4_5_newform\res_prob_2 .gdx
--- GDXin=C:\Users\sterraza\Desktop\Documents\Research\Lagrangean_GDP\Logic_based_B_B_strip_4_5_newform\res_prob_2 .gdx
--- GDXin=C:\Users\sterraza\Desktop\Documents\Research\Lagrangean_GDP\Logic_based_B_B_strip_4_5_newform\res_prob_2 .gdx
--- GDXin=C:\Users\sterraza\Desktop\Documents\Research\Lagrangean_GDP\Logic_based_B_B_strip_4_5_newform\res_prob_2 .gdx
--- GDXin=C:\Users\sterraza\Desktop\Documents\Research\Lagrangean_GDP\Logic_based_B_B_strip_4_5_newform\res_prob_2 .gdx
--- GDXin=C:\Users\sterraza\Desktop\Documents\Research\Lagrangean_GDP\Logic_based_B_B_strip_4_5_newform\res_prob_2 .gdx
--- GDXin=C:\Users\sterraza\Desktop\Documents\Research\Lagrangean_GDP\Logic_based_B_B_strip_4_5_newform\res_prob_2 .gdx
--- GDXin=C:\Users\sterraza\Desktop\Documents\Research\Lagrangean_GDP\Logic_based_B_B_strip_4_5_newform\res_prob_2 .gdx
--- GDXin=C:\Users\sterraza\Desktop\Documents\Research\Lagrangean_GDP\Logic_based_B_B_strip_4_5_newform\res_prob_2 .gdx
--- GDXin=C:\Users\sterraza\Desktop\Documents\Research\Lagrangean_GDP\Logic_based_B_B_strip_4_5_newform\res_prob_2 .gdx
--- GDXin=C:\Users\sterraza\Desktop\Documents\Research\Lagrangean_GDP\Logic_based_B_B_strip_4_5_newform\res_prob_2 .gdx
--- GDXin=C:\Users\sterraza\Desktop\Documents\Research\Lagrangean_GDP\Logic_based_B_B_strip_4_5_newform\res_prob_2 .gdx
--- GDXin=C:\Users\sterraza\Desktop\Documents\Research\Lagrangean_GDP\Logic_based_B_B_strip_4_5_newform\res_prob_2 .gdx
--- GDXin=C:\Users\sterraza\Desktop\Documents\Research\Lagrangean_GDP\Logic_based_B_B_strip_4_5_newform\res_prob_2 .gdx
--- GDXin=C:\Users\sterraza\Desktop\Documents\Research\Lagrangean_GDP\Logic_based_B_B_strip_4_5_newform\res_prob_2 .gdx
--- GDXin=C:\Users\sterraza\Desktop\Documents\Research\Lagrangean_GDP\Logic_based_B_B_strip_4_5_newform\res_prob_2 .gdx
--- GDXin=C:\Users\sterraza\Desktop\Documents\Research\Lagrangean_GDP\Logic_based_B_B_strip_4_5_newform\res_prob_2 .gdx
--- GDXin=C:\Users\sterraza\Desktop\Documents\Research\Lagrangean_GDP\Logic_based_B_B_strip_4_5_newform\res_prob_2 .gdx
--- GDXin=C:\Users\sterraza\Desktop\Documents\Research\Lagrangean_GDP\Logic_based_B_B_strip_4_5_newform\res_prob_2 .gdx
--- GDXin=C:\Users\sterraza\Desktop\Documents\Research\Lagrangean_GDP\Logic_based_B_B_strip_4_5_newform\res_prob_2 .gdx
--- GDXin=C:\Users\sterraza\Desktop\Documents\Research\Lagrangean_GDP\Logic_based_B_B_strip_4_5_newform\res_prob_2 .gdx
--- GDXin=C:\Users\sterraza\Desktop\Documents\Research\Lagrangean_GDP\Logic_based_B_B_strip_4_5_newform\res_prob_2 .gdx
--- GDXin=C:\Users\sterraza\Desktop\Documents\Research\Lagrangean_GDP\Logic_based_B_B_strip_4_5_newform\res_prob_2 .gdx
--- GDXin=C:\Users\sterraza\Desktop\Documents\Research\Lagrangean_GDP\Logic_based_B_B_strip_4_5_newform\res_prob_2 .gdx
--- GDXin=C:\Users\sterraza\Desktop\Documents\Research\Lagrangean_GDP\Logic_based_B_B_strip_4_5_newform\res_prob_2 .gdx
--- GDXin=C:\Users\sterraza\Desktop\Documents\Research\Lagrangean_GDP\Logic_based_B_B_strip_4_5_newform\res_prob_2 .gdx
--- GDXin=C:\Users\sterraza\Desktop\Documents\Research\Lagrangean_GDP\Logic_based_B_B_strip_4_5_newform\res_prob_2 .gdx
--- GDXin=C:\Users\sterraza\Desktop\Documents\Research\Lagrangean_GDP\Logic_based_B_B_strip_4_5_newform\res_prob_2 .gdx
--- GDXin=C:\Users\sterraza\Desktop\Documents\Research\Lagrangean_GDP\Logic_based_B_B_strip_4_5_newform\res_prob_2 .gdx
--- GDXin=C:\Users\sterraza\Desktop\Documents\Research\Lagrangean_GDP\Logic_based_B_B_strip_4_5_newform\res_prob_2 .gdx
--- GDXin=C:\Users\sterraza\Desktop\Documents\Research\Lagrangean_GDP\Logic_based_B_B_strip_4_5_newform\res_prob_2 .gdx
--- GDXin=C:\Users\sterraza\Desktop\Documents\Research\Lagrangean_GDP\Logic_based_B_B_strip_4_5_newform\res_prob_2 .gdx
--- GDXin=C:\Users\sterraza\Desktop\Documents\Research\Lagrangean_GDP\Logic_based_B_B_strip_4_5_newform\res_prob_2 .gdx
--- GDXin=C:\Users\sterraza\Desktop\Documents\Research\Lagrangean_GDP\Logic_based_B_B_strip_4_5_newform\res_prob_2 .gdx
--- GDXin=C:\Users\sterraza\Desktop\Documents\Research\Lagrangean_GDP\Logic_based_B_B_strip_4_5_newform\res_prob_2 .gdx
--- GDXin=C:\Users\sterraza\Desktop\Documents\Research\Lagrangean_GDP\Logic_based_B_B_strip_4_5_newform\res_prob_2 .gdx
--- GDXin=C:\Users\sterraza\Desktop\Documents\Research\Lagrangean_GDP\Logic_based_B_B_strip_4_5_newform\res_prob_2 .gdx
--- GDXin=C:\Users\sterraza\Desktop\Documents\Research\Lagrangean_GDP\Logic_based_B_B_strip_4_5_newform\res_prob_2 .gdx
--- GDXin=C:\Users\sterraza\Desktop\Documents\Research\Lagrangean_GDP\Logic_based_B_B_strip_4_5_newform\res_prob_2 .gdx
--- GDXin=C:\Users\sterraza\Desktop\Documents\Research\Lagrangean_GDP\Logic_based_B_B_strip_4_5_newform\res_prob_2 .gdx
--- GDXin=C:\Users\sterraza\Desktop\Documents\Research\Lagrangean_GDP\Logic_based_B_B_strip_4_5_newform\res_prob_2 .gdx
--- GDXin=C:\Users\sterraza\Desktop\Documents\Research\Lagrangean_GDP\Logic_based_B_B_strip_4_5_newform\res_prob_2 .gdx
--- GDXin=C:\Users\sterraza\Desktop\Documents\Research\Lagrangean_GDP\Logic_based_B_B_strip_4_5_newform\res_prob_2 .gdx
--- GDXin=C:\Users\sterraza\Desktop\Documents\Research\Lagrangean_GDP\Logic_based_B_B_strip_4_5_newform\res_prob_2 .gdx
--- GDXin=C:\Users\sterraza\Desktop\Documents\Research\Lagrangean_GDP\Logic_based_B_B_strip_4_5_newform\res_prob_2 .gdx
--- GDXin=C:\Users\sterraza\Desktop\Documents\Research\Lagrangean_GDP\Logic_based_B_B_strip_4_5_newform\res_prob_2 .gdx
--- GDXin=C:\Users\sterraza\Desktop\Documents\Research\Lagrangean_GDP\Logic_based_B_B_strip_4_5_newform\res_prob_2 .gdx
--- GDXin=C:\Users\sterraza\Desktop\Documents\Research\Lagrangean_GDP\Logic_based_B_B_strip_4_5_newform\res_prob_2 .gdx
--- GDXin=C:\Users\sterraza\Desktop\Documents\Research\Lagrangean_GDP\Logic_based_B_B_strip_4_5_newform\res_prob_2 .gdx
--- GDXin=C:\Users\sterraza\Desktop\Documents\Research\Lagrangean_GDP\Logic_based_B_B_strip_4_5_newform\res_prob_2 .gdx
--- GDXin=C:\Users\sterraza\Desktop\Documents\Research\Lagrangean_GDP\Logic_based_B_B_strip_4_5_newform\res_prob_2 .gdx
--- GDXin=C:\Users\sterraza\Desktop\Documents\Research\Lagrangean_GDP\Logic_based_B_B_strip_4_5_newform\res_prob_2 .gdx
--- GDXin=C:\Users\sterraza\Desktop\Documents\Research\Lagrangean_GDP\Logic_based_B_B_strip_4_5_newform\res_prob_2 .gdx
--- GDXin=C:\Users\sterraza\Desktop\Documents\Research\Lagrangean_GDP\Logic_based_B_B_strip_4_5_newform\res_prob_2 .gdx
--- GDXin=C:\Users\sterraza\Desktop\Documents\Research\Lagrangean_GDP\Logic_based_B_B_strip_4_5_newform\res_prob_2 .gdx
--- GDXin=C:\Users\sterraza\Desktop\Documents\Research\Lagrangean_GDP\Logic_based_B_B_strip_4_5_newform\res_prob_2 .gdx
--- GDXin=C:\Users\sterraza\Desktop\Documents\Research\Lagrangean_GDP\Logic_based_B_B_strip_4_5_newform\res_prob_2 .gdx
--- GDXin=C:\Users\sterraza\Desktop\Documents\Research\Lagrangean_GDP\Logic_based_B_B_strip_4_5_newform\res_prob_2 .gdx
--- GDXin=C:\Users\sterraza\Desktop\Documents\Research\Lagrangean_GDP\Logic_based_B_B_strip_4_5_newform\res_prob_2 .gdx
--- GDXin=C:\Users\sterraza\Desktop\Documents\Research\Lagrangean_GDP\Logic_based_B_B_strip_4_5_newform\res_prob_2 .gdx
--- GDXin=C:\Users\sterraza\Desktop\Documents\Research\Lagrangean_GDP\Logic_based_B_B_strip_4_5_newform\res_prob_2 .gdx
--- GDXin=C:\Users\sterraza\Desktop\Documents\Research\Lagrangean_GDP\Logic_based_B_B_strip_4_5_newform\res_prob_2 .gdx
--- GDXin=C:\Users\sterraza\Desktop\Documents\Research\Lagrangean_GDP\Logic_based_B_B_strip_4_5_newform\res_prob_2 .gdx
--- GDXin=C:\Users\sterraza\Desktop\Documents\Research\Lagrangean_GDP\Logic_based_B_B_strip_4_5_newform\res_prob_2 .gdx
--- GDXin=C:\Users\sterraza\Desktop\Documents\Research\Lagrangean_GDP\Logic_based_B_B_strip_4_5_newform\res_prob_2 .gdx
--- GDXin=C:\Users\sterraza\Desktop\Documents\Research\Lagrangean_GDP\Logic_based_B_B_strip_4_5_newform\res_prob_2 .gdx
--- GDXin=C:\Users\sterraza\Desktop\Documents\Research\Lagrangean_GDP\Logic_based_B_B_strip_4_5_newform\res_prob_2 .gdx
--- GDXin=C:\Users\sterraza\Desktop\Documents\Research\Lagrangean_GDP\Logic_based_B_B_strip_4_5_newform\res_prob_2 .gdx
--- GDXin=C:\Users\sterraza\Desktop\Documents\Research\Lagrangean_GDP\Logic_based_B_B_strip_4_5_newform\res_prob_2 .gdx
--- GDXin=C:\Users\sterraza\Desktop\Documents\Research\Lagrangean_GDP\Logic_based_B_B_strip_4_5_newform\res_prob_2 .gdx
--- GDXin=C:\Users\sterraza\Desktop\Documents\Research\Lagrangean_GDP\Logic_based_B_B_strip_4_5_newform\res_prob_2 .gdx
--- GDXin=C:\Users\sterraza\Desktop\Documents\Research\Lagrangean_GDP\Logic_based_B_B_strip_4_5_newform\res_prob_2 .gdx
--- GDXin=C:\Users\sterraza\Desktop\Documents\Research\Lagrangean_GDP\Logic_based_B_B_strip_4_5_newform\res_prob_2 .gdx
--- GDXin=C:\Users\sterraza\Desktop\Documents\Research\Lagrangean_GDP\Logic_based_B_B_strip_4_5_newform\res_prob_2 .gdx
--- GDXin=C:\Users\sterraza\Desktop\Documents\Research\Lagrangean_GDP\Logic_based_B_B_strip_4_5_newform\res_prob_2 .gdx
--- GDXin=C:\Users\sterraza\Desktop\Documents\Research\Lagrangean_GDP\Logic_based_B_B_strip_4_5_newform\res_prob_2 .gdx
--- GDXin=C:\Users\sterraza\Desktop\Documents\Research\Lagrangean_GDP\Logic_based_B_B_strip_4_5_newform\res_prob_2 .gdx
--- GDXin=C:\Users\sterraza\Desktop\Documents\Research\Lagrangean_GDP\Logic_based_B_B_strip_4_5_newform\res_prob_2 .gdx
--- GDXin=C:\Users\sterraza\Desktop\Documents\Research\Lagrangean_GDP\Logic_based_B_B_strip_4_5_newform\res_prob_2 .gdx
--- GDXin=C:\Users\sterraza\Desktop\Documents\Research\Lagrangean_GDP\Logic_based_B_B_strip_4_5_newform\res_prob_2 .gdx
--- GDXin=C:\Users\sterraza\Desktop\Documents\Research\Lagrangean_GDP\Logic_based_B_B_strip_4_5_newform\res_prob_2 .gdx
--- GDXin=C:\Users\sterraza\Desktop\Documents\Research\Lagrangean_GDP\Logic_based_B_B_strip_4_5_newform\res_prob_2 .gdx
--- GDXin=C:\Users\sterraza\Desktop\Documents\Research\Lagrangean_GDP\Logic_based_B_B_strip_4_5_newform\res_prob_2 .gdx
--- GDXin=C:\Users\sterraza\Desktop\Documents\Research\Lagrangean_GDP\Logic_based_B_B_strip_4_5_newform\res_prob_2 .gdx
--- GDXin=C:\Users\sterraza\Desktop\Documents\Research\Lagrangean_GDP\Logic_based_B_B_strip_4_5_newform\res_prob_2 .gdx
--- GDXin=C:\Users\sterraza\Desktop\Documents\Research\Lagrangean_GDP\Logic_based_B_B_strip_4_5_newform\res_prob_2 .gdx
--- GDXin=C:\Users\sterraza\Desktop\Documents\Research\Lagrangean_GDP\Logic_based_B_B_strip_4_5_newform\res_prob_2 .gdx
--- GDXin=C:\Users\sterraza\Desktop\Documents\Research\Lagrangean_GDP\Logic_based_B_B_strip_4_5_newform\res_prob_2 .gdx
--- GDXin=C:\Users\sterraza\Desktop\Documents\Research\Lagrangean_GDP\Logic_based_B_B_strip_4_5_newform\res_prob_2 .gdx
--- GDXin=C:\Users\sterraza\Desktop\Documents\Research\Lagrangean_GDP\Logic_based_B_B_strip_4_5_newform\res_prob_2 .gdx
--- GDXin=C:\Users\sterraza\Desktop\Documents\Research\Lagrangean_GDP\Logic_based_B_B_strip_4_5_newform\res_prob_2 .gdx
--- GDXin=C:\Users\sterraza\Desktop\Documents\Research\Lagrangean_GDP\Logic_based_B_B_strip_4_5_newform\res_prob_2 .gdx
--- GDXin=C:\Users\sterraza\Desktop\Documents\Research\Lagrangean_GDP\Logic_based_B_B_strip_4_5_newform\res_prob_2 .gdx
--- GDXin=C:\Users\sterraza\Desktop\Documents\Research\Lagrangean_GDP\Logic_based_B_B_strip_4_5_newform\res_prob_2 .gdx
--- GDXin=C:\Users\sterraza\Desktop\Documents\Research\Lagrangean_GDP\Logic_based_B_B_strip_4_5_newform\res_prob_2 .gdx
--- GDXin=C:\Users\sterraza\Desktop\Documents\Research\Lagrangean_GDP\Logic_based_B_B_strip_4_5_newform\res_prob_2 .gdx
--- GDXin=C:\Users\sterraza\Desktop\Documents\Research\Lagrangean_GDP\Logic_based_B_B_strip_4_5_newform\res_prob_2 .gdx
--- GDXin=C:\Users\sterraza\Desktop\Documents\Research\Lagrangean_GDP\Logic_based_B_B_strip_4_5_newform\res_prob_2 .gdx
--- GDXin=C:\Users\sterraza\Desktop\Documents\Research\Lagrangean_GDP\Logic_based_B_B_strip_4_5_newform\res_prob_2 .gdx
--- GDXin=C:\Users\sterraza\Desktop\Documents\Research\Lagrangean_GDP\Logic_based_B_B_strip_4_5_newform\res_prob_2 .gdx
--- GDXin=C:\Users\sterraza\Desktop\Documents\Research\Lagrangean_GDP\Logic_based_B_B_strip_4_5_newform\res_prob_2 .gdx
--- GDXin=C:\Users\sterraza\Desktop\Documents\Research\Lagrangean_GDP\Logic_based_B_B_strip_4_5_newform\res_prob_2 .gdx
--- GDXin=C:\Users\sterraza\Desktop\Documents\Research\Lagrangean_GDP\Logic_based_B_B_strip_4_5_newform\res_prob_2 .gdx
--- GDXin=C:\Users\sterraza\Desktop\Documents\Research\Lagrangean_GDP\Logic_based_B_B_strip_4_5_newform\res_prob_2 .gdx
--- GDXin=C:\Users\sterraza\Desktop\Documents\Research\Lagrangean_GDP\Logic_based_B_B_strip_4_5_newform\res_prob_2 .gdx
--- GDXin=C:\Users\sterraza\Desktop\Documents\Research\Lagrangean_GDP\Logic_based_B_B_strip_4_5_newform\res_prob_2 .gdx
--- GDXin=C:\Users\sterraza\Desktop\Documents\Research\Lagrangean_GDP\Logic_based_B_B_strip_4_5_newform\res_prob_2 .gdx
--- GDXin=C:\Users\sterraza\Desktop\Documents\Research\Lagrangean_GDP\Logic_based_B_B_strip_4_5_newform\res_prob_2 .gdx
--- GDXin=C:\Users\sterraza\Desktop\Documents\Research\Lagrangean_GDP\Logic_based_B_B_strip_4_5_newform\res_prob_2 .gdx
--- GDXin=C:\Users\sterraza\Desktop\Documents\Research\Lagrangean_GDP\Logic_based_B_B_strip_4_5_newform\res_prob_2 .gdx
--- GDXin=C:\Users\sterraza\Desktop\Documents\Research\Lagrangean_GDP\Logic_based_B_B_strip_4_5_newform\res_prob_2 .gdx
--- GDXin=C:\Users\sterraza\Desktop\Documents\Research\Lagrangean_GDP\Logic_based_B_B_strip_4_5_newform\res_prob_2 .gdx
--- GDXin=C:\Users\sterraza\Desktop\Documents\Research\Lagrangean_GDP\Logic_based_B_B_strip_4_5_newform\res_prob_2 .gdx
--- GDXin=C:\Users\sterraza\Desktop\Documents\Research\Lagrangean_GDP\Logic_based_B_B_strip_4_5_newform\res_prob_2 .gdx
--- GDXin=C:\Users\sterraza\Desktop\Documents\Research\Lagrangean_GDP\Logic_based_B_B_strip_4_5_newform\res_prob_2 .gdx
--- GDXin=C:\Users\sterraza\Desktop\Documents\Research\Lagrangean_GDP\Logic_based_B_B_strip_4_5_newform\res_prob_2 .gdx
--- GDXin=C:\Users\sterraza\Desktop\Documents\Research\Lagrangean_GDP\Logic_based_B_B_strip_4_5_newform\res_prob_2 .gdx
--- GDXin=C:\Users\sterraza\Desktop\Documents\Research\Lagrangean_GDP\Logic_based_B_B_strip_4_5_newform\res_prob_2 .gdx
--- GDXin=C:\Users\sterraza\Desktop\Documents\Research\Lagrangean_GDP\Logic_based_B_B_strip_4_5_newform\res_prob_2 .gdx
--- GDXin=C:\Users\sterraza\Desktop\Documents\Research\Lagrangean_GDP\Logic_based_B_B_strip_4_5_newform\res_prob_2 .gdx
--- GDXin=C:\Users\sterraza\Desktop\Documents\Research\Lagrangean_GDP\Logic_based_B_B_strip_4_5_newform\res_prob_2 .gdx
--- GDXin=C:\Users\sterraza\Desktop\Documents\Research\Lagrangean_GDP\Logic_based_B_B_strip_4_5_newform\res_prob_2 .gdx
--- GDXin=C:\Users\sterraza\Desktop\Documents\Research\Lagrangean_GDP\Logic_based_B_B_strip_4_5_newform\res_prob_2 .gdx
--- GDXin=C:\Users\sterraza\Desktop\Documents\Research\Lagrangean_GDP\Logic_based_B_B_strip_4_5_newform\res_prob_2 .gdx
--- GDXin=C:\Users\sterraza\Desktop\Documents\Research\Lagrangean_GDP\Logic_based_B_B_strip_4_5_newform\res_prob_2 .gdx
--- GDXin=C:\Users\sterraza\Desktop\Documents\Research\Lagrangean_GDP\Logic_based_B_B_strip_4_5_newform\res_prob_2 .gdx
--- GDXin=C:\Users\sterraza\Desktop\Documents\Research\Lagrangean_GDP\Logic_based_B_B_strip_4_5_newform\res_prob_2 .gdx
--- GDXin=C:\Users\sterraza\Desktop\Documents\Research\Lagrangean_GDP\Logic_based_B_B_strip_4_5_newform\res_prob_2 .gdx
--- GDXin=C:\Users\sterraza\Desktop\Documents\Research\Lagrangean_GDP\Logic_based_B_B_strip_4_5_newform\res_prob_2 .gdx
--- GDXin=C:\Users\sterraza\Desktop\Documents\Research\Lagrangean_GDP\Logic_based_B_B_strip_4_5_newform\res_prob_2 .gdx
--- GDXin=C:\Users\sterraza\Desktop\Documents\Research\Lagrangean_GDP\Logic_based_B_B_strip_4_5_newform\res_prob_2 .gdx
--- GDXin=C:\Users\sterraza\Desktop\Documents\Research\Lagrangean_GDP\Logic_based_B_B_strip_4_5_newform\res_prob_2 .gdx
--- GDXin=C:\Users\sterraza\Desktop\Documents\Research\Lagrangean_GDP\Logic_based_B_B_strip_4_5_newform\res_prob_2 .gdx
--- GDXin=C:\Users\sterraza\Desktop\Documents\Research\Lagrangean_GDP\Logic_based_B_B_strip_4_5_newform\res_prob_2 .gdx
--- GDXin=C:\Users\sterraza\Desktop\Documents\Research\Lagrangean_GDP\Logic_based_B_B_strip_4_5_newform\res_prob_2 .gdx
--- GDXin=C:\Users\sterraza\Desktop\Documents\Research\Lagrangean_GDP\Logic_based_B_B_strip_4_5_newform\res_prob_2 .gdx
--- GDXin=C:\Users\sterraza\Desktop\Documents\Research\Lagrangean_GDP\Logic_based_B_B_strip_4_5_newform\res_prob_2 .gdx
--- GDXin=C:\Users\sterraza\Desktop\Documents\Research\Lagrangean_GDP\Logic_based_B_B_strip_4_5_newform\res_prob_2 .gdx
--- GDXin=C:\Users\sterraza\Desktop\Documents\Research\Lagrangean_GDP\Logic_based_B_B_strip_4_5_newform\res_prob_2 .gdx
--- GDXin=C:\Users\sterraza\Desktop\Documents\Research\Lagrangean_GDP\Logic_based_B_B_strip_4_5_newform\res_prob_2 .gdx
--- GDXin=C:\Users\sterraza\Desktop\Documents\Research\Lagrangean_GDP\Logic_based_B_B_strip_4_5_newform\res_prob_2 .gdx
--- GDXin=C:\Users\sterraza\Desktop\Documents\Research\Lagrangean_GDP\Logic_based_B_B_strip_4_5_newform\res_prob_2 .gdx
--- GDXin=C:\Users\sterraza\Desktop\Documents\Research\Lagrangean_GDP\Logic_based_B_B_strip_4_5_newform\res_prob_2 .gdx
--- GDXin=C:\Users\sterraza\Desktop\Documents\Research\Lagrangean_GDP\Logic_based_B_B_strip_4_5_newform\res_prob_2 .gdx
--- GDXin=C:\Users\sterraza\Desktop\Documents\Research\Lagrangean_GDP\Logic_based_B_B_strip_4_5_newform\res_prob_2 .gdx
--- GDXin=C:\Users\sterraza\Desktop\Documents\Research\Lagrangean_GDP\Logic_based_B_B_strip_4_5_newform\res_prob_2 .gdx
--- GDXin=C:\Users\sterraza\Desktop\Documents\Research\Lagrangean_GDP\Logic_based_B_B_strip_4_5_newform\res_prob_2 .gdx
--- GDXin=C:\Users\sterraza\Desktop\Documents\Research\Lagrangean_GDP\Logic_based_B_B_strip_4_5_newform\res_prob_2 .gdx
--- GDXin=C:\Users\sterraza\Desktop\Documents\Research\Lagrangean_GDP\Logic_based_B_B_strip_4_5_newform\res_prob_2 .gdx
--- Putfile seed_no C:\Users\sterraza\Desktop\Documents\Research\Lagrangean_GDP\Logic_based_B_B_strip_4_5_newform\seed2.gms
*** Status: Normal completion
--- Job z_run_batch.gms Stop 07/02/15 10:31:04 elapsed 1:23:19.180
