
--- Job run_batch.gms Start 04/07/18 20:02:43 25.0.1 r65189 WEX-WEI x86 64bit/MS Windows
GAMS 25.0.1   Copyright (C) 1987-2018 GAMS Development. All rights reserved
Licensee: Eval License Carnegie Mellon University        G180112/0001AS-GEN
          Dept. of Chemical Engineering                              DC9476
          License for teaching and research at degree granting institutions
          License Admin: Ignacio E. Grossmann                              
--- Starting compilation
--- run_batch.gms(10) 3 Mb
--- .first_seed.gms(1) 3 Mb
--- run_batch.gms(76) 3 Mb
--- Starting execution: elapsed 0:00:00.004
--- run_batch.gms(14) 4 Mb
--- GDXin=C:\Users\debernal\Dropbox\Ubuntu\GDP_NN\GDP_Refomulation_NN\GAMS\Logic_based_B_B_strip_4_5_newform\res_prob.gdx
--- GDX File C:\Users\debernal\Dropbox\Ubuntu\GDP_NN\GDP_Refomulation_NN\GAMS\Logic_based_B_B_strip_4_5_newform\stat_total.gdx
--- GDX File C:\Users\debernal\Dropbox\Ubuntu\GDP_NN\GDP_Refomulation_NN\GAMS\Logic_based_B_B_strip_4_5_newform\solution_total.gdx
--- GDXin=C:\Users\debernal\Dropbox\Ubuntu\GDP_NN\GDP_Refomulation_NN\GAMS\Logic_based_B_B_strip_4_5_newform\res_prob.gdx
--- GDX File C:\Users\debernal\Dropbox\Ubuntu\GDP_NN\GDP_Refomulation_NN\GAMS\Logic_based_B_B_strip_4_5_newform\stat_total.gdx
--- GDX File C:\Users\debernal\Dropbox\Ubuntu\GDP_NN\GDP_Refomulation_NN\GAMS\Logic_based_B_B_strip_4_5_newform\solution_total.gdx
--- GDXin=C:\Users\debernal\Dropbox\Ubuntu\GDP_NN\GDP_Refomulation_NN\GAMS\Logic_based_B_B_strip_4_5_newform\res_prob.gdx
--- GDX File C:\Users\debernal\Dropbox\Ubuntu\GDP_NN\GDP_Refomulation_NN\GAMS\Logic_based_B_B_strip_4_5_newform\solution_total.gdx
--- GDXin=C:\Users\debernal\Dropbox\Ubuntu\GDP_NN\GDP_Refomulation_NN\GAMS\Logic_based_B_B_strip_4_5_newform\res_prob.gdx
--- GDX File C:\Users\debernal\Dropbox\Ubuntu\GDP_NN\GDP_Refomulation_NN\GAMS\Logic_based_B_B_strip_4_5_newform\solution_total.gdx
--- GDXin=C:\Users\debernal\Dropbox\Ubuntu\GDP_NN\GDP_Refomulation_NN\GAMS\Logic_based_B_B_strip_4_5_newform\res_prob.gdx
--- GDX File C:\Users\debernal\Dropbox\Ubuntu\GDP_NN\GDP_Refomulation_NN\GAMS\Logic_based_B_B_strip_4_5_newform\stat_total.gdx
--- GDX File C:\Users\debernal\Dropbox\Ubuntu\GDP_NN\GDP_Refomulation_NN\GAMS\Logic_based_B_B_strip_4_5_newform\solution_total.gdx
--- GDXin=C:\Users\debernal\Dropbox\Ubuntu\GDP_NN\GDP_Refomulation_NN\GAMS\Logic_based_B_B_strip_4_5_newform\res_prob.gdx
--- GDX File C:\Users\debernal\Dropbox\Ubuntu\GDP_NN\GDP_Refomulation_NN\GAMS\Logic_based_B_B_strip_4_5_newform\stat_total.gdx
--- GDX File C:\Users\debernal\Dropbox\Ubuntu\GDP_NN\GDP_Refomulation_NN\GAMS\Logic_based_B_B_strip_4_5_newform\solution_total.gdx
--- GDXin=C:\Users\debernal\Dropbox\Ubuntu\GDP_NN\GDP_Refomulation_NN\GAMS\Logic_based_B_B_strip_4_5_newform\res_prob.gdx
--- GDX File C:\Users\debernal\Dropbox\Ubuntu\GDP_NN\GDP_Refomulation_NN\GAMS\Logic_based_B_B_strip_4_5_newform\solution_total.gdx
--- GDXin=C:\Users\debernal\Dropbox\Ubuntu\GDP_NN\GDP_Refomulation_NN\GAMS\Logic_based_B_B_strip_4_5_newform\res_prob.gdx
--- GDX File C:\Users\debernal\Dropbox\Ubuntu\GDP_NN\GDP_Refomulation_NN\GAMS\Logic_based_B_B_strip_4_5_newform\solution_total.gdx
--- run_batch.gms(75) 4 Mb
--- run_batch.gms(76) 4 Mb
GDX2SQLITE v 0.7
GDX Library      25.0.1 r65189 Released Jan 17, 2018 WEI x86 64bit/MS Windows 
Current directory:C:\Users\debernal\Dropbox\Ubuntu\GDP_NN\GDP_Refomulation_NN\GAMS\Logic_based_B_B_strip_4_5_newform

   InputFile:solution_total.gdx
   OutputFile:solution_total.db
   Symbols:1
   Uels:13
   Loading Uels
   Processing Symbols
     solu(44 records)
   Inserts:44
   Elapsed:0.06 seconds
   Inserts/second:698.41
   Done

--- run_batch.gms(77) 4 Mb
GDX2SQLITE v 0.7
GDX Library      25.0.1 r65189 Released Jan 17, 2018 WEI x86 64bit/MS Windows 
Current directory:C:\Users\debernal\Dropbox\Ubuntu\GDP_NN\GDP_Refomulation_NN\GAMS\Logic_based_B_B_strip_4_5_newform

   InputFile:stat_total.gdx
   OutputFile:stat_total.db
   Symbols:1
   Uels:8
   Loading Uels
   Processing Symbols
     stats(16 records)
   Inserts:16
   Elapsed:0.04 seconds
   Inserts/second:372.09
   Done

--- Putfile seed_no C:\Users\debernal\Dropbox\Ubuntu\GDP_NN\GDP_Refomulation_NN\GAMS\Logic_based_B_B_strip_4_5_newform\seed.gms
*** Status: Normal completion
--- Job run_batch.gms Stop 04/07/18 20:06:56 elapsed 0:04:13.496
