
--- Job run_batch.gms Start 04/12/18 18:14:22 25.0.1 r65189 WEX-WEI x86 64bit/MS Windows
GAMS 25.0.1   Copyright (C) 1987-2018 GAMS Development. All rights reserved
Licensee: Eval License Carnegie Mellon University        G180112/0001AS-GEN
          Dept. of Chemical Engineering                              DC9476
          License for teaching and research at degree granting institutions
          License Admin: Ignacio E. Grossmann                              
--- Starting compilation
--- run_batch.gms(10) 3 Mb
--- .first_seed.gms(1) 3 Mb
--- run_batch.gms(97) 3 Mb
--- Starting execution: elapsed 0:00:00.005
--- run_batch.gms(14) 4 Mb
--- GDXin=C:\Users\debernal\Dropbox\Ubuntu\GDP_NN\GDP_Refomulation_NN\GAMS\Logic_based_B_B_contracts1\res_prob.gdx
--- GDX File C:\Users\debernal\Dropbox\Ubuntu\GDP_NN\GDP_Refomulation_NN\GAMS\Logic_based_B_B_contracts1\solution_total.gdx
Cannot delete file: 225b\gamswrk0.dat
Cannot delete directory: 225b
Cannot delete directory: 225b
--- GDXin=C:\Users\debernal\Dropbox\Ubuntu\GDP_NN\GDP_Refomulation_NN\GAMS\Logic_based_B_B_contracts1\res_prob.gdx
--- GDX File C:\Users\debernal\Dropbox\Ubuntu\GDP_NN\GDP_Refomulation_NN\GAMS\Logic_based_B_B_contracts1\solution_total.gdx
--- GDXin=C:\Users\debernal\Dropbox\Ubuntu\GDP_NN\GDP_Refomulation_NN\GAMS\Logic_based_B_B_contracts1\res_prob.gdx
--- GDX File C:\Users\debernal\Dropbox\Ubuntu\GDP_NN\GDP_Refomulation_NN\GAMS\Logic_based_B_B_contracts1\solution_total.gdx
--- run_batch.gms(98) 4 Mb
--- Putfile seed_no C:\Users\debernal\Dropbox\Ubuntu\GDP_NN\GDP_Refomulation_NN\GAMS\Logic_based_B_B_contracts1\seed.gms
*** Status: Normal completion
--- Job run_batch.gms Stop 04/12/18 19:00:22 elapsed 0:45:59.840
